  [1m[35m (61.0ms)[0m  [1m[35mCREATE TABLE "schema_migrations" ("version" character varying PRIMARY KEY)[0m
  [1m[35m (18.8ms)[0m  [1m[35mCREATE TABLE "ar_internal_metadata" ("key" character varying PRIMARY KEY, "value" character varying, "created_at" timestamp NOT NULL, "updated_at" timestamp NOT NULL)[0m
  [1m[35m (0.9ms)[0m  [1m[34mSELECT pg_try_advisory_lock(3100697005672017150);[0m
  [1m[36mActiveRecord::SchemaMigration Load (1.0ms)[0m  [1m[34mSELECT "schema_migrations".* FROM "schema_migrations"[0m
Migrating to CreateArtists (20171004154226)
  [1m[35m (0.4ms)[0m  [1m[35mBEGIN[0m
  [1m[35m (21.2ms)[0m  [1m[35mCREATE TABLE "artists" ("id" serial primary key, "Nombre" character varying, "Descripcion" text, "Genero" character varying, "Origen" character varying, "Actividad" date, "Integrantes" character varying, "created_at" timestamp NOT NULL, "updated_at" timestamp NOT NULL)[0m
  [1m[35mSQL (1.3ms)[0m  [1m[32mINSERT INTO "schema_migrations" ("version") VALUES ($1) RETURNING "version"[0m  [["version", "20171004154226"]]
  [1m[35m (2.1ms)[0m  [1m[35mCOMMIT[0m
  [1m[36mActiveRecord::InternalMetadata Load (0.9ms)[0m  [1m[34mSELECT  "ar_internal_metadata".* FROM "ar_internal_metadata" WHERE "ar_internal_metadata"."key" = $1 LIMIT $2[0m  [["key", "environment"], ["LIMIT", 1]]
  [1m[35m (0.2ms)[0m  [1m[35mBEGIN[0m
  [1m[35mSQL (0.9ms)[0m  [1m[32mINSERT INTO "ar_internal_metadata" ("key", "value", "created_at", "updated_at") VALUES ($1, $2, $3, $4) RETURNING "key"[0m  [["key", "environment"], ["value", "development"], ["created_at", "2017-10-04 15:44:30.224579"], ["updated_at", "2017-10-04 15:44:30.224579"]]
  [1m[35m (1.5ms)[0m  [1m[35mCOMMIT[0m
  [1m[35m (0.5ms)[0m  [1m[34mSELECT pg_advisory_unlock(3100697005672017150)[0m
  [1m[36mActiveRecord::SchemaMigration Load (1.1ms)[0m  [1m[34mSELECT "schema_migrations".* FROM "schema_migrations"[0m
Started GET "/" for 127.0.0.1 at 2017-10-04 12:44:40 -0300
  [1m[36mActiveRecord::SchemaMigration Load (1.1ms)[0m  [1m[34mSELECT "schema_migrations".* FROM "schema_migrations"[0m
Processing by Rails::WelcomeController#index as HTML
  Parameters: {"internal"=>true}
  Rendering /home/rfenzo/.rbenv/versions/2.4.0/lib/ruby/gems/2.4.0/gems/railties-5.0.6/lib/rails/templates/rails/welcome/index.html.erb
  Rendered /home/rfenzo/.rbenv/versions/2.4.0/lib/ruby/gems/2.4.0/gems/railties-5.0.6/lib/rails/templates/rails/welcome/index.html.erb (9.2ms)
Completed 200 OK in 46ms (Views: 21.9ms | ActiveRecord: 0.0ms)


Started GET "/artists" for 127.0.0.1 at 2017-10-04 12:44:47 -0300
Processing by ArtistsController#index as HTML
  Rendering artists/index.html.erb within layouts/application
  [1m[36mArtist Load (1.7ms)[0m  [1m[34mSELECT "artists".* FROM "artists"[0m
  Rendered artists/index.html.erb within layouts/application (20.9ms)
Completed 200 OK in 2630ms (Views: 2599.7ms | ActiveRecord: 7.6ms)


Started GET "/artists/new" for 127.0.0.1 at 2017-10-04 12:44:53 -0300
Processing by ArtistsController#new as HTML
  Rendering artists/new.html.erb within layouts/application
  Rendered artists/_form.html.erb (43.0ms)
  Rendered artists/new.html.erb within layouts/application (45.9ms)
Completed 200 OK in 153ms (Views: 118.7ms | ActiveRecord: 9.0ms)


Started GET "/artists" for 127.0.0.1 at 2017-10-04 12:44:56 -0300
Processing by ArtistsController#index as HTML
  Rendering artists/index.html.erb within layouts/application
  [1m[36mArtist Load (2.6ms)[0m  [1m[34mSELECT "artists".* FROM "artists"[0m
  Rendered artists/index.html.erb within layouts/application (8.2ms)
Completed 200 OK in 66ms (Views: 61.1ms | ActiveRecord: 2.6ms)


Started GET "/artists" for 127.0.0.1 at 2017-10-04 12:45:41 -0300
Processing by ArtistsController#index as HTML
  Rendering artists/index.html.erb within layouts/application
  [1m[36mArtist Load (1.2ms)[0m  [1m[34mSELECT "artists".* FROM "artists"[0m
  Rendered artists/index.html.erb within layouts/application (5.5ms)
Completed 200 OK in 526ms (Views: 522.1ms | ActiveRecord: 1.2ms)


Started GET "/artists/new" for 127.0.0.1 at 2017-10-04 12:45:43 -0300
Processing by ArtistsController#new as HTML
  Rendering artists/new.html.erb within layouts/application
  Rendered artists/_form.html.erb (25.2ms)
  Rendered artists/new.html.erb within layouts/application (29.1ms)
Completed 200 OK in 102ms (Views: 97.9ms | ActiveRecord: 0.0ms)


  [1m[35m (0.8ms)[0m  [1m[34mSELECT pg_try_advisory_lock(3100697005672017150);[0m
  [1m[36mActiveRecord::SchemaMigration Load (2.0ms)[0m  [1m[34mSELECT "schema_migrations".* FROM "schema_migrations"[0m
Migrating to CreateAlbums (20171004154636)
  [1m[35m (0.4ms)[0m  [1m[35mBEGIN[0m
  [1m[35m (56.2ms)[0m  [1m[35mCREATE TABLE "albums" ("id" serial primary key, "Nombre" character varying, "Fecha" date, "artist_id" integer, "created_at" timestamp NOT NULL, "updated_at" timestamp NOT NULL, CONSTRAINT "fk_rails_124a79559a"
FOREIGN KEY ("artist_id")
  REFERENCES "artists" ("id")
)[0m
  [1m[35m (4.0ms)[0m  [1m[35mCREATE  INDEX  "index_albums_on_artist_id" ON "albums"  ("artist_id")[0m
  [1m[35mSQL (0.8ms)[0m  [1m[32mINSERT INTO "schema_migrations" ("version") VALUES ($1) RETURNING "version"[0m  [["version", "20171004154636"]]
  [1m[35m (1.9ms)[0m  [1m[35mCOMMIT[0m
Migrating to CreateSongs (20171004154707)
  [1m[35m (0.3ms)[0m  [1m[35mBEGIN[0m
  [1m[35m (14.7ms)[0m  [1m[35mCREATE TABLE "songs" ("id" serial primary key, "Nombre" character varying, "Duracion" integer, "artist_id" integer, "album_id" integer, "created_at" timestamp NOT NULL, "updated_at" timestamp NOT NULL, CONSTRAINT "fk_rails_5ce8fd4cc7"
FOREIGN KEY ("artist_id")
  REFERENCES "artists" ("id")
, CONSTRAINT "fk_rails_f4e40cd655"
FOREIGN KEY ("album_id")
  REFERENCES "albums" ("id")
)[0m
  [1m[35m (4.2ms)[0m  [1m[35mCREATE  INDEX  "index_songs_on_artist_id" ON "songs"  ("artist_id")[0m
  [1m[35m (4.5ms)[0m  [1m[35mCREATE  INDEX  "index_songs_on_album_id" ON "songs"  ("album_id")[0m
  [1m[35mSQL (0.7ms)[0m  [1m[32mINSERT INTO "schema_migrations" ("version") VALUES ($1) RETURNING "version"[0m  [["version", "20171004154707"]]
  [1m[35m (1.9ms)[0m  [1m[35mCOMMIT[0m
  [1m[36mActiveRecord::InternalMetadata Load (0.7ms)[0m  [1m[34mSELECT  "ar_internal_metadata".* FROM "ar_internal_metadata" WHERE "ar_internal_metadata"."key" = $1 LIMIT $2[0m  [["key", "environment"], ["LIMIT", 1]]
  [1m[35m (0.4ms)[0m  [1m[35mBEGIN[0m
  [1m[35m (0.3ms)[0m  [1m[35mCOMMIT[0m
  [1m[35m (0.6ms)[0m  [1m[34mSELECT pg_advisory_unlock(3100697005672017150)[0m
  [1m[36mActiveRecord::SchemaMigration Load (0.5ms)[0m  [1m[34mSELECT "schema_migrations".* FROM "schema_migrations"[0m
  [1m[35m (1.1ms)[0m  [1m[34mSELECT pg_try_advisory_lock(3100697005672017150);[0m
  [1m[36mActiveRecord::SchemaMigration Load (2.0ms)[0m  [1m[34mSELECT "schema_migrations".* FROM "schema_migrations"[0m
Migrating to DeviseCreateUsers (20171004155046)
  [1m[35m (0.7ms)[0m  [1m[35mBEGIN[0m
  [1m[35m (54.7ms)[0m  [1m[35mCREATE TABLE "users" ("id" serial primary key, "email" character varying DEFAULT '' NOT NULL, "encrypted_password" character varying DEFAULT '' NOT NULL, "reset_password_token" character varying, "reset_password_sent_at" timestamp, "remember_created_at" timestamp, "sign_in_count" integer DEFAULT 0 NOT NULL, "current_sign_in_at" timestamp, "last_sign_in_at" timestamp, "current_sign_in_ip" inet, "last_sign_in_ip" inet, "created_at" timestamp NOT NULL, "updated_at" timestamp NOT NULL)[0m
  [1m[35m (4.5ms)[0m  [1m[35mCREATE UNIQUE INDEX  "index_users_on_email" ON "users"  ("email")[0m
  [1m[35m (4.7ms)[0m  [1m[35mCREATE UNIQUE INDEX  "index_users_on_reset_password_token" ON "users"  ("reset_password_token")[0m
  [1m[35mSQL (1.2ms)[0m  [1m[32mINSERT INTO "schema_migrations" ("version") VALUES ($1) RETURNING "version"[0m  [["version", "20171004155046"]]
  [1m[35m (4.8ms)[0m  [1m[35mCOMMIT[0m
  [1m[36mActiveRecord::InternalMetadata Load (0.9ms)[0m  [1m[34mSELECT  "ar_internal_metadata".* FROM "ar_internal_metadata" WHERE "ar_internal_metadata"."key" = $1 LIMIT $2[0m  [["key", "environment"], ["LIMIT", 1]]
  [1m[35m (0.3ms)[0m  [1m[35mBEGIN[0m
  [1m[35m (0.3ms)[0m  [1m[35mCOMMIT[0m
  [1m[35m (0.6ms)[0m  [1m[34mSELECT pg_advisory_unlock(3100697005672017150)[0m
  [1m[36mActiveRecord::SchemaMigration Load (0.6ms)[0m  [1m[34mSELECT "schema_migrations".* FROM "schema_migrations"[0m
Started GET "/artists/new" for 127.0.0.1 at 2017-10-04 12:51:08 -0300
  [1m[36mActiveRecord::SchemaMigration Load (1.1ms)[0m  [1m[34mSELECT "schema_migrations".* FROM "schema_migrations"[0m
Processing by ArtistsController#new as HTML
  Rendering artists/new.html.erb within layouts/application
  Rendered artists/_form.html.erb (63.4ms)
  Rendered artists/new.html.erb within layouts/application (68.0ms)
Completed 200 OK in 890ms (Views: 832.2ms | ActiveRecord: 9.2ms)


Started GET "/artists/new" for 127.0.0.1 at 2017-10-04 12:51:10 -0300
Processing by ArtistsController#new as HTML
  Rendering artists/new.html.erb within layouts/application
  Rendered artists/_form.html.erb (12.4ms)
  Rendered artists/new.html.erb within layouts/application (14.9ms)
Completed 200 OK in 73ms (Views: 70.3ms | ActiveRecord: 0.0ms)


  [1m[35m (1.6ms)[0m  [1m[34mSELECT pg_try_advisory_lock(3100697005672017150);[0m
  [1m[36mActiveRecord::SchemaMigration Load (2.1ms)[0m  [1m[34mSELECT "schema_migrations".* FROM "schema_migrations"[0m
Migrating to AddAttachmentImageToAlbums (20170920223742)
  [1m[35m (1.0ms)[0m  [1m[35mBEGIN[0m
DEPRECATION WARNING: Directly inheriting from ActiveRecord::Migration is deprecated. Please specify the Rails release the migration was written for:

  class AddAttachmentImageToAlbums < ActiveRecord::Migration[4.2] (called from require at /home/rfenzo/Desktop/FMusic/bin/rails:9)
  [1m[35m (2.6ms)[0m  [1m[35mALTER TABLE "albums" ADD "image_file_name" character varying[0m
  [1m[35m (1.5ms)[0m  [1m[35mALTER TABLE "albums" ADD "image_content_type" character varying[0m
  [1m[35m (1.7ms)[0m  [1m[35mALTER TABLE "albums" ADD "image_file_size" integer[0m
  [1m[35m (1.6ms)[0m  [1m[35mALTER TABLE "albums" ADD "image_updated_at" timestamp[0m
  [1m[35mSQL (1.5ms)[0m  [1m[32mINSERT INTO "schema_migrations" ("version") VALUES ($1) RETURNING "version"[0m  [["version", "20170920223742"]]
  [1m[35m (33.4ms)[0m  [1m[35mCOMMIT[0m
Migrating to AddAttachmentAvatarToUsers (20170920232326)
  [1m[35m (0.4ms)[0m  [1m[35mBEGIN[0m
DEPRECATION WARNING: Directly inheriting from ActiveRecord::Migration is deprecated. Please specify the Rails release the migration was written for:

  class AddAttachmentAvatarToUsers < ActiveRecord::Migration[4.2] (called from require at /home/rfenzo/Desktop/FMusic/bin/rails:9)
  [1m[35m (1.0ms)[0m  [1m[35mALTER TABLE "users" ADD "avatar_file_name" character varying[0m
  [1m[35m (0.6ms)[0m  [1m[35mALTER TABLE "users" ADD "avatar_content_type" character varying[0m
  [1m[35m (0.6ms)[0m  [1m[35mALTER TABLE "users" ADD "avatar_file_size" integer[0m
  [1m[35m (0.6ms)[0m  [1m[35mALTER TABLE "users" ADD "avatar_updated_at" timestamp[0m
  [1m[35mSQL (0.6ms)[0m  [1m[32mINSERT INTO "schema_migrations" ("version") VALUES ($1) RETURNING "version"[0m  [["version", "20170920232326"]]
  [1m[35m (1.8ms)[0m  [1m[35mCOMMIT[0m
Migrating to AddUserToArtist (20170922141532)
  [1m[35m (0.3ms)[0m  [1m[35mBEGIN[0m
  [1m[35m (0.9ms)[0m  [1m[35mALTER TABLE "artists" ADD "user_id" integer[0m
  [1m[35m (5.2ms)[0m  [1m[35mCREATE  INDEX  "index_artists_on_user_id" ON "artists"  ("user_id")[0m
  [1m[35m (3.9ms)[0m  [1m[35mALTER TABLE "artists" ADD CONSTRAINT "fk_rails_6bcbebdd23"
FOREIGN KEY ("user_id")
  REFERENCES "users" ("id")
[0m
  [1m[35mSQL (0.6ms)[0m  [1m[32mINSERT INTO "schema_migrations" ("version") VALUES ($1) RETURNING "version"[0m  [["version", "20170922141532"]]
  [1m[35m (3.7ms)[0m  [1m[35mCOMMIT[0m
Migrating to AddUserToAlbum (20170922141624)
  [1m[35m (0.3ms)[0m  [1m[35mBEGIN[0m
  [1m[35m (0.8ms)[0m  [1m[35mALTER TABLE "albums" ADD "user_id" integer[0m
  [1m[35m (4.7ms)[0m  [1m[35mCREATE  INDEX  "index_albums_on_user_id" ON "albums"  ("user_id")[0m
  [1m[35m (3.2ms)[0m  [1m[35mALTER TABLE "albums" ADD CONSTRAINT "fk_rails_964016e0e8"
FOREIGN KEY ("user_id")
  REFERENCES "users" ("id")
[0m
  [1m[35mSQL (0.9ms)[0m  [1m[32mINSERT INTO "schema_migrations" ("version") VALUES ($1) RETURNING "version"[0m  [["version", "20170922141624"]]
  [1m[35m (1.6ms)[0m  [1m[35mCOMMIT[0m
Migrating to AddUserToSong (20170922141630)
  [1m[35m (0.4ms)[0m  [1m[35mBEGIN[0m
  [1m[35m (0.8ms)[0m  [1m[35mALTER TABLE "songs" ADD "user_id" integer[0m
  [1m[35m (4.2ms)[0m  [1m[35mCREATE  INDEX  "index_songs_on_user_id" ON "songs"  ("user_id")[0m
  [1m[35m (3.1ms)[0m  [1m[35mALTER TABLE "songs" ADD CONSTRAINT "fk_rails_d36a8dd57d"
FOREIGN KEY ("user_id")
  REFERENCES "users" ("id")
[0m
  [1m[35mSQL (0.9ms)[0m  [1m[32mINSERT INTO "schema_migrations" ("version") VALUES ($1) RETURNING "version"[0m  [["version", "20170922141630"]]
  [1m[35m (1.6ms)[0m  [1m[35mCOMMIT[0m
Migrating to AddAdminToUsers (20170922142254)
  [1m[35m (0.3ms)[0m  [1m[35mBEGIN[0m
  [1m[35m (21.5ms)[0m  [1m[35mALTER TABLE "users" ADD "admin" boolean DEFAULT 'f'[0m
  [1m[35mSQL (0.5ms)[0m  [1m[32mINSERT INTO "schema_migrations" ("version") VALUES ($1) RETURNING "version"[0m  [["version", "20170922142254"]]
  [1m[35m (2.5ms)[0m  [1m[35mCOMMIT[0m
  [1m[36mActiveRecord::InternalMetadata Load (1.0ms)[0m  [1m[34mSELECT  "ar_internal_metadata".* FROM "ar_internal_metadata" WHERE "ar_internal_metadata"."key" = $1 LIMIT $2[0m  [["key", "environment"], ["LIMIT", 1]]
  [1m[35m (0.3ms)[0m  [1m[35mBEGIN[0m
  [1m[35m (0.4ms)[0m  [1m[35mCOMMIT[0m
  [1m[35m (0.6ms)[0m  [1m[34mSELECT pg_advisory_unlock(3100697005672017150)[0m
  [1m[36mActiveRecord::SchemaMigration Load (0.7ms)[0m  [1m[34mSELECT "schema_migrations".* FROM "schema_migrations"[0m
Started GET "/artists/new" for 127.0.0.1 at 2017-10-04 12:52:31 -0300
  [1m[36mActiveRecord::SchemaMigration Load (1.1ms)[0m  [1m[34mSELECT "schema_migrations".* FROM "schema_migrations"[0m
Processing by ArtistsController#new as HTML
  Rendering artists/new.html.erb within layouts/application
  Rendered artists/_form.html.erb (53.9ms)
  Rendered artists/new.html.erb within layouts/application (58.3ms)
Completed 200 OK in 501ms (Views: 435.2ms | ActiveRecord: 13.2ms)


  [1m[35m (1.5ms)[0m  [1m[34mSELECT pg_try_advisory_lock(3100697005672017150);[0m
  [1m[36mActiveRecord::SchemaMigration Load (2.7ms)[0m  [1m[34mSELECT "schema_migrations".* FROM "schema_migrations"[0m
Migrating to CreatePlaylistsongs (20170924233112)
  [1m[35m (0.4ms)[0m  [1m[35mBEGIN[0m
  [1m[35m (12.7ms)[0m  [1m[35mCREATE TABLE "playlistsongs" ("id" serial primary key, "playlist_id" integer NOT NULL, "song_id" integer NOT NULL, "created_at" timestamp NOT NULL, "updated_at" timestamp NOT NULL)[0m
  [1m[35mSQL (1.1ms)[0m  [1m[32mINSERT INTO "schema_migrations" ("version") VALUES ($1) RETURNING "version"[0m  [["version", "20170924233112"]]
  [1m[35m (4.1ms)[0m  [1m[35mCOMMIT[0m
Migrating to CreateArtistmembers (20170925022040)
  [1m[35m (0.3ms)[0m  [1m[35mBEGIN[0m
  [1m[35m (7.4ms)[0m  [1m[35mCREATE TABLE "artistmembers" ("id" serial primary key, "artist_id" integer NOT NULL, "member_id" integer NOT NULL, "created_at" timestamp NOT NULL, "updated_at" timestamp NOT NULL)[0m
  [1m[35mSQL (0.6ms)[0m  [1m[32mINSERT INTO "schema_migrations" ("version") VALUES ($1) RETURNING "version"[0m  [["version", "20170925022040"]]
  [1m[35m (1.8ms)[0m  [1m[35mCOMMIT[0m
Migrating to CreatePlaylists (20171004155402)
  [1m[35m (0.3ms)[0m  [1m[35mBEGIN[0m
  [1m[35m (15.3ms)[0m  [1m[35mCREATE TABLE "playlists" ("id" serial primary key, "Nombre" character varying, "Descripcion" text, "Duracion" integer, "Calificacion" integer, "user_id" integer, "created_at" timestamp NOT NULL, "updated_at" timestamp NOT NULL, CONSTRAINT "fk_rails_d67ef1eb45"
FOREIGN KEY ("user_id")
  REFERENCES "users" ("id")
)[0m
  [1m[35m (5.1ms)[0m  [1m[35mCREATE  INDEX  "index_playlists_on_user_id" ON "playlists"  ("user_id")[0m
  [1m[35mSQL (0.9ms)[0m  [1m[32mINSERT INTO "schema_migrations" ("version") VALUES ($1) RETURNING "version"[0m  [["version", "20171004155402"]]
  [1m[35m (3.0ms)[0m  [1m[35mCOMMIT[0m
  [1m[36mActiveRecord::InternalMetadata Load (0.7ms)[0m  [1m[34mSELECT  "ar_internal_metadata".* FROM "ar_internal_metadata" WHERE "ar_internal_metadata"."key" = $1 LIMIT $2[0m  [["key", "environment"], ["LIMIT", 1]]
  [1m[35m (0.3ms)[0m  [1m[35mBEGIN[0m
  [1m[35m (0.2ms)[0m  [1m[35mCOMMIT[0m
  [1m[35m (0.5ms)[0m  [1m[34mSELECT pg_advisory_unlock(3100697005672017150)[0m
  [1m[36mActiveRecord::SchemaMigration Load (0.7ms)[0m  [1m[34mSELECT "schema_migrations".* FROM "schema_migrations"[0m
Started GET "/artists/new" for 127.0.0.1 at 2017-10-04 12:54:21 -0300
  [1m[36mActiveRecord::SchemaMigration Load (2.2ms)[0m  [1m[34mSELECT "schema_migrations".* FROM "schema_migrations"[0m
Processing by ArtistsController#new as HTML
  Rendering artists/new.html.erb within layouts/application
  Rendered artists/_form.html.erb (54.9ms)
  Rendered artists/new.html.erb within layouts/application (59.3ms)
Completed 200 OK in 747ms (Views: 679.5ms | ActiveRecord: 13.3ms)


Started GET "/artists/new" for 127.0.0.1 at 2017-10-04 12:55:11 -0300
Processing by ArtistsController#new as HTML
Completed 401 Unauthorized in 14ms (ActiveRecord: 0.0ms)


Started GET "/users/sign_in" for 127.0.0.1 at 2017-10-04 12:55:11 -0300
Processing by Devise::SessionsController#new as HTML
  Rendering /home/rfenzo/.rbenv/versions/2.4.0/lib/ruby/gems/2.4.0/gems/devise-4.3.0/app/views/devise/sessions/new.html.erb within layouts/application
  Rendered /home/rfenzo/.rbenv/versions/2.4.0/lib/ruby/gems/2.4.0/gems/devise-4.3.0/app/views/devise/shared/_links.html.erb (3.3ms)
  Rendered /home/rfenzo/.rbenv/versions/2.4.0/lib/ruby/gems/2.4.0/gems/devise-4.3.0/app/views/devise/sessions/new.html.erb within layouts/application (20.3ms)
Completed 200 OK in 209ms (Views: 114.6ms | ActiveRecord: 8.5ms)


Started GET "/users/sign_up" for 127.0.0.1 at 2017-10-04 12:55:16 -0300
Processing by Devise::RegistrationsController#new as HTML
  Rendering /home/rfenzo/.rbenv/versions/2.4.0/lib/ruby/gems/2.4.0/gems/devise-4.3.0/app/views/devise/registrations/new.html.erb within layouts/application
  Rendered /home/rfenzo/.rbenv/versions/2.4.0/lib/ruby/gems/2.4.0/gems/devise-4.3.0/app/views/devise/shared/_links.html.erb (3.7ms)
  Rendered /home/rfenzo/.rbenv/versions/2.4.0/lib/ruby/gems/2.4.0/gems/devise-4.3.0/app/views/devise/registrations/new.html.erb within layouts/application (14.5ms)
Completed 200 OK in 140ms (Views: 136.0ms | ActiveRecord: 0.0ms)


Started POST "/users" for 127.0.0.1 at 2017-10-04 12:55:23 -0300
Processing by Devise::RegistrationsController#create as HTML
  Parameters: {"utf8"=>"✓", "authenticity_token"=>"CCuK2//vYm086l2GtxRYraZ907gPbo5IDrX5Xc+G0+YKJAJ92Lu1xJVj/cQlCun1/VelgX/PHgCxhQeNmf/oXA==", "user"=>{"email"=>"rfenzo@uc.cl", "password"=>"[FILTERED]", "password_confirmation"=>"[FILTERED]"}, "commit"=>"Sign up"}
  [1m[35m (0.3ms)[0m  [1m[35mBEGIN[0m
  [1m[36mUser Exists (2.1ms)[0m  [1m[34mSELECT  1 AS one FROM "users" WHERE "users"."email" = $1 LIMIT $2[0m  [["email", "rfenzo@uc.cl"], ["LIMIT", 1]]
  [1m[35mSQL (2.0ms)[0m  [1m[32mINSERT INTO "users" ("email", "encrypted_password", "created_at", "updated_at") VALUES ($1, $2, $3, $4) RETURNING "id"[0m  [["email", "rfenzo@uc.cl"], ["encrypted_password", "$2a$11$byxtK3sswU8u5UVY8f/IduyGk7tbON8Sk.nBTKA1zyIydptAZx5tO"], ["created_at", "2017-10-04 15:55:23.644642"], ["updated_at", "2017-10-04 15:55:23.644642"]]
  [1m[35m (31.9ms)[0m  [1m[35mCOMMIT[0m
  [1m[35m (0.4ms)[0m  [1m[35mBEGIN[0m
  [1m[35mSQL (1.3ms)[0m  [1m[33mUPDATE "users" SET "sign_in_count" = $1, "current_sign_in_at" = $2, "last_sign_in_at" = $3, "current_sign_in_ip" = $4, "last_sign_in_ip" = $5, "updated_at" = $6 WHERE "users"."id" = $7[0m  [["sign_in_count", 1], ["current_sign_in_at", "2017-10-04 15:55:23.684288"], ["last_sign_in_at", "2017-10-04 15:55:23.684288"], ["current_sign_in_ip", "127.0.0.1/32"], ["last_sign_in_ip", "127.0.0.1/32"], ["updated_at", "2017-10-04 15:55:23.689082"], ["id", 1]]
  [1m[35m (1.5ms)[0m  [1m[35mCOMMIT[0m
Redirected to http://localhost:3000/artists/new
Completed 302 Found in 337ms (ActiveRecord: 39.5ms)


Started GET "/artists/new" for 127.0.0.1 at 2017-10-04 12:55:23 -0300
Processing by ArtistsController#new as HTML
  [1m[36mUser Load (1.5ms)[0m  [1m[34mSELECT  "users".* FROM "users" WHERE "users"."id" = $1 ORDER BY "users"."id" ASC LIMIT $2[0m  [["id", 1], ["LIMIT", 1]]
Completed 500 Internal Server Error in 63ms (ActiveRecord: 7.0ms)


  
NoMethodError (undefined method `artistmembers' for #<Artist:0x007ff098afebd8>):
  
app/controllers/artists_controller.rb:21:in `new'
  Rendering /home/rfenzo/.rbenv/versions/2.4.0/lib/ruby/gems/2.4.0/gems/actionpack-5.0.6/lib/action_dispatch/middleware/templates/rescues/diagnostics.html.erb within rescues/layout
  Rendering /home/rfenzo/.rbenv/versions/2.4.0/lib/ruby/gems/2.4.0/gems/actionpack-5.0.6/lib/action_dispatch/middleware/templates/rescues/_source.html.erb
  Rendered /home/rfenzo/.rbenv/versions/2.4.0/lib/ruby/gems/2.4.0/gems/actionpack-5.0.6/lib/action_dispatch/middleware/templates/rescues/_source.html.erb (10.5ms)
  Rendering /home/rfenzo/.rbenv/versions/2.4.0/lib/ruby/gems/2.4.0/gems/actionpack-5.0.6/lib/action_dispatch/middleware/templates/rescues/_trace.html.erb
  Rendered /home/rfenzo/.rbenv/versions/2.4.0/lib/ruby/gems/2.4.0/gems/actionpack-5.0.6/lib/action_dispatch/middleware/templates/rescues/_trace.html.erb (4.4ms)
  Rendering /home/rfenzo/.rbenv/versions/2.4.0/lib/ruby/gems/2.4.0/gems/actionpack-5.0.6/lib/action_dispatch/middleware/templates/rescues/_request_and_response.html.erb
  Rendered /home/rfenzo/.rbenv/versions/2.4.0/lib/ruby/gems/2.4.0/gems/actionpack-5.0.6/lib/action_dispatch/middleware/templates/rescues/_request_and_response.html.erb (2.1ms)
  Rendered /home/rfenzo/.rbenv/versions/2.4.0/lib/ruby/gems/2.4.0/gems/actionpack-5.0.6/lib/action_dispatch/middleware/templates/rescues/diagnostics.html.erb within rescues/layout (60.1ms)
Started GET "/artists/new" for 127.0.0.1 at 2017-10-04 12:56:05 -0300
Processing by ArtistsController#new as HTML
  [1m[36mUser Load (1.2ms)[0m  [1m[34mSELECT  "users".* FROM "users" WHERE "users"."id" = $1 ORDER BY "users"."id" ASC LIMIT $2[0m  [["id", 1], ["LIMIT", 1]]
  Rendering artists/new.html.erb within layouts/application
  Rendered artists/_form.html.erb (13.2ms)
  Rendered artists/new.html.erb within layouts/application (15.6ms)
Completed 200 OK in 276ms (Views: 95.0ms | ActiveRecord: 29.8ms)


Started GET "/artists/new" for 127.0.0.1 at 2017-10-04 12:57:17 -0300
Processing by ArtistsController#new as HTML
  [1m[36mUser Load (1.2ms)[0m  [1m[34mSELECT  "users".* FROM "users" WHERE "users"."id" = $1 ORDER BY "users"."id" ASC LIMIT $2[0m  [["id", 1], ["LIMIT", 1]]
  Rendering artists/new.html.erb within layouts/application
  [1m[36mArtist Load (1.3ms)[0m  [1m[34mSELECT "artists".* FROM "artists"[0m
  Rendered artists/_form.html.erb (50.7ms)
  Rendered artists/new.html.erb within layouts/application (53.5ms)
Completed 200 OK in 126ms (Views: 114.4ms | ActiveRecord: 2.5ms)


Started GET "/artists/new" for 127.0.0.1 at 2017-10-04 12:57:37 -0300
Processing by ArtistsController#new as HTML
  [1m[36mUser Load (1.0ms)[0m  [1m[34mSELECT  "users".* FROM "users" WHERE "users"."id" = $1 ORDER BY "users"."id" ASC LIMIT $2[0m  [["id", 1], ["LIMIT", 1]]
  Rendering artists/new.html.erb within layouts/application
  [1m[36mArtist Load (0.6ms)[0m  [1m[34mSELECT "artists".* FROM "artists"[0m
  Rendered artists/_form.html.erb (16.5ms)
  Rendered artists/new.html.erb within layouts/application (19.1ms)
  Rendered layouts/_header.html.erb (302.2ms)
Completed 500 Internal Server Error in 412ms (ActiveRecord: 1.5ms)


  
ActionView::Template::Error (undefined local variable or method `root_path' for #<#<Class:0x007ff0981b24f8>:0x007ff09a4178b8>):
    2:     <nav class="red-back white-font margin-menu">
    3:         <ul class="no-list row center-xs middle-xs">
    4:             <h1 class="no-margin" id='logo'>
    5:                 <%= link_to 'Play.Ing', root_path%>
    6:             </h1>
    7:             <li class="col-md">
    8:                     <%= link_to 'Artistas', artists_url%>
  
app/views/layouts/_header.html.erb:5:in `_app_views_layouts__header_html_erb__205575558923062534_70335673213800'
app/views/layouts/application.html.erb:12:in `_app_views_layouts_application_html_erb___4368383287772177034_70335678396560'
  Rendering /home/rfenzo/.rbenv/versions/2.4.0/lib/ruby/gems/2.4.0/gems/actionpack-5.0.6/lib/action_dispatch/middleware/templates/rescues/template_error.html.erb within rescues/layout
  Rendering /home/rfenzo/.rbenv/versions/2.4.0/lib/ruby/gems/2.4.0/gems/actionpack-5.0.6/lib/action_dispatch/middleware/templates/rescues/_source.html.erb
  Rendered /home/rfenzo/.rbenv/versions/2.4.0/lib/ruby/gems/2.4.0/gems/actionpack-5.0.6/lib/action_dispatch/middleware/templates/rescues/_source.html.erb (27.6ms)
  Rendering /home/rfenzo/.rbenv/versions/2.4.0/lib/ruby/gems/2.4.0/gems/actionpack-5.0.6/lib/action_dispatch/middleware/templates/rescues/_trace.html.erb
  Rendered /home/rfenzo/.rbenv/versions/2.4.0/lib/ruby/gems/2.4.0/gems/actionpack-5.0.6/lib/action_dispatch/middleware/templates/rescues/_trace.html.erb (36.9ms)
  Rendering /home/rfenzo/.rbenv/versions/2.4.0/lib/ruby/gems/2.4.0/gems/actionpack-5.0.6/lib/action_dispatch/middleware/templates/rescues/_request_and_response.html.erb
  Rendered /home/rfenzo/.rbenv/versions/2.4.0/lib/ruby/gems/2.4.0/gems/actionpack-5.0.6/lib/action_dispatch/middleware/templates/rescues/_request_and_response.html.erb (1.9ms)
  Rendered /home/rfenzo/.rbenv/versions/2.4.0/lib/ruby/gems/2.4.0/gems/actionpack-5.0.6/lib/action_dispatch/middleware/templates/rescues/template_error.html.erb within rescues/layout (106.2ms)
Started GET "/artists/new" for 127.0.0.1 at 2017-10-04 12:58:19 -0300
Processing by ArtistsController#new as HTML
  [1m[36mUser Load (1.2ms)[0m  [1m[34mSELECT  "users".* FROM "users" WHERE "users"."id" = $1 ORDER BY "users"."id" ASC LIMIT $2[0m  [["id", 1], ["LIMIT", 1]]
  Rendering artists/new.html.erb within layouts/application
  [1m[36mArtist Load (1.1ms)[0m  [1m[34mSELECT "artists".* FROM "artists"[0m
  Rendered artists/_form.html.erb (20.7ms)
  Rendered artists/new.html.erb within layouts/application (23.2ms)
  Rendered layouts/_header.html.erb (285.9ms)
Completed 500 Internal Server Error in 397ms (ActiveRecord: 2.3ms)


  
ActionView::Template::Error (undefined local variable or method `root_path' for #<#<Class:0x007ff0981b24f8>:0x007ff09c0e5968>):
    2:     <nav class="red-back white-font margin-menu">
    3:         <ul class="no-list row center-xs middle-xs">
    4:             <h1 class="no-margin" id='logo'>
    5:                 <%= link_to 'Play.Ing', root_path%>
    6:             </h1>
    7:             <li class="col-md">
    8:                     <%= link_to 'Artistas', artists_url%>
  
app/views/layouts/_header.html.erb:5:in `_app_views_layouts__header_html_erb__205575558923062534_70335678715080'
app/views/layouts/application.html.erb:12:in `_app_views_layouts_application_html_erb___4368383287772177034_70335693514560'
  Rendering /home/rfenzo/.rbenv/versions/2.4.0/lib/ruby/gems/2.4.0/gems/actionpack-5.0.6/lib/action_dispatch/middleware/templates/rescues/template_error.html.erb within rescues/layout
  Rendering /home/rfenzo/.rbenv/versions/2.4.0/lib/ruby/gems/2.4.0/gems/actionpack-5.0.6/lib/action_dispatch/middleware/templates/rescues/_source.html.erb
  Rendered /home/rfenzo/.rbenv/versions/2.4.0/lib/ruby/gems/2.4.0/gems/actionpack-5.0.6/lib/action_dispatch/middleware/templates/rescues/_source.html.erb (18.3ms)
  Rendering /home/rfenzo/.rbenv/versions/2.4.0/lib/ruby/gems/2.4.0/gems/actionpack-5.0.6/lib/action_dispatch/middleware/templates/rescues/_trace.html.erb
  Rendered /home/rfenzo/.rbenv/versions/2.4.0/lib/ruby/gems/2.4.0/gems/actionpack-5.0.6/lib/action_dispatch/middleware/templates/rescues/_trace.html.erb (6.6ms)
  Rendering /home/rfenzo/.rbenv/versions/2.4.0/lib/ruby/gems/2.4.0/gems/actionpack-5.0.6/lib/action_dispatch/middleware/templates/rescues/_request_and_response.html.erb
  Rendered /home/rfenzo/.rbenv/versions/2.4.0/lib/ruby/gems/2.4.0/gems/actionpack-5.0.6/lib/action_dispatch/middleware/templates/rescues/_request_and_response.html.erb (1.8ms)
  Rendered /home/rfenzo/.rbenv/versions/2.4.0/lib/ruby/gems/2.4.0/gems/actionpack-5.0.6/lib/action_dispatch/middleware/templates/rescues/template_error.html.erb within rescues/layout (66.2ms)
Started GET "/artists/new" for 127.0.0.1 at 2017-10-04 12:58:21 -0300
Processing by ArtistsController#new as HTML
  [1m[36mUser Load (1.0ms)[0m  [1m[34mSELECT  "users".* FROM "users" WHERE "users"."id" = $1 ORDER BY "users"."id" ASC LIMIT $2[0m  [["id", 1], ["LIMIT", 1]]
  Rendering artists/new.html.erb within layouts/application
  [1m[36mArtist Load (0.6ms)[0m  [1m[34mSELECT "artists".* FROM "artists"[0m
  Rendered artists/_form.html.erb (21.8ms)
  Rendered artists/new.html.erb within layouts/application (24.7ms)
  Rendered layouts/_header.html.erb (299.4ms)
Completed 500 Internal Server Error in 403ms (ActiveRecord: 1.5ms)


  
ActionView::Template::Error (undefined local variable or method `root_path' for #<#<Class:0x007ff0981b24f8>:0x007ff099298088>):
    2:     <nav class="red-back white-font margin-menu">
    3:         <ul class="no-list row center-xs middle-xs">
    4:             <h1 class="no-margin" id='logo'>
    5:                 <%= link_to 'Play.Ing', root_path%>
    6:             </h1>
    7:             <li class="col-md">
    8:                     <%= link_to 'Artistas', artists_url%>
  
app/views/layouts/_header.html.erb:5:in `_app_views_layouts__header_html_erb__205575558923062534_47019897106280'
app/views/layouts/application.html.erb:12:in `_app_views_layouts_application_html_erb___4368383287772177034_70335669174520'
  Rendering /home/rfenzo/.rbenv/versions/2.4.0/lib/ruby/gems/2.4.0/gems/actionpack-5.0.6/lib/action_dispatch/middleware/templates/rescues/template_error.html.erb within rescues/layout
  Rendering /home/rfenzo/.rbenv/versions/2.4.0/lib/ruby/gems/2.4.0/gems/actionpack-5.0.6/lib/action_dispatch/middleware/templates/rescues/_source.html.erb
  Rendered /home/rfenzo/.rbenv/versions/2.4.0/lib/ruby/gems/2.4.0/gems/actionpack-5.0.6/lib/action_dispatch/middleware/templates/rescues/_source.html.erb (15.5ms)
  Rendering /home/rfenzo/.rbenv/versions/2.4.0/lib/ruby/gems/2.4.0/gems/actionpack-5.0.6/lib/action_dispatch/middleware/templates/rescues/_trace.html.erb
  Rendered /home/rfenzo/.rbenv/versions/2.4.0/lib/ruby/gems/2.4.0/gems/actionpack-5.0.6/lib/action_dispatch/middleware/templates/rescues/_trace.html.erb (5.8ms)
  Rendering /home/rfenzo/.rbenv/versions/2.4.0/lib/ruby/gems/2.4.0/gems/actionpack-5.0.6/lib/action_dispatch/middleware/templates/rescues/_request_and_response.html.erb
  Rendered /home/rfenzo/.rbenv/versions/2.4.0/lib/ruby/gems/2.4.0/gems/actionpack-5.0.6/lib/action_dispatch/middleware/templates/rescues/_request_and_response.html.erb (1.8ms)
  Rendered /home/rfenzo/.rbenv/versions/2.4.0/lib/ruby/gems/2.4.0/gems/actionpack-5.0.6/lib/action_dispatch/middleware/templates/rescues/template_error.html.erb within rescues/layout (59.7ms)
Started GET "/artists/new" for 127.0.0.1 at 2017-10-04 12:58:52 -0300
  [1m[36mActiveRecord::SchemaMigration Load (1.9ms)[0m  [1m[34mSELECT "schema_migrations".* FROM "schema_migrations"[0m
Processing by ArtistsController#new as HTML
  [1m[36mUser Load (2.6ms)[0m  [1m[34mSELECT  "users".* FROM "users" WHERE "users"."id" = $1 ORDER BY "users"."id" ASC LIMIT $2[0m  [["id", 1], ["LIMIT", 1]]
  Rendering artists/new.html.erb within layouts/application
  [1m[36mArtist Load (1.4ms)[0m  [1m[34mSELECT "artists".* FROM "artists"[0m
  Rendered artists/_form.html.erb (65.2ms)
  Rendered artists/new.html.erb within layouts/application (69.7ms)
  Rendered layouts/_header.html.erb (3.4ms)
  Rendered layouts/_center.html.erb (0.6ms)
  Rendered layouts/_centerend.html.erb (0.6ms)
Completed 200 OK in 655ms (Views: 455.9ms | ActiveRecord: 29.1ms)


Started GET "/songs" for 127.0.0.1 at 2017-10-04 12:58:57 -0300
Processing by SongsController#index as HTML
  Rendering songs/index.html.erb within layouts/application
  [1m[36mSong Load (1.4ms)[0m  [1m[34mSELECT "songs".* FROM "songs"[0m
  Rendered songs/index.html.erb within layouts/application (10.3ms)
  [1m[36mUser Load (1.2ms)[0m  [1m[34mSELECT  "users".* FROM "users" WHERE "users"."id" = $1 ORDER BY "users"."id" ASC LIMIT $2[0m  [["id", 1], ["LIMIT", 1]]
  Rendered layouts/_header.html.erb (7.7ms)
  Rendered layouts/_center.html.erb (0.8ms)
  Rendered layouts/_centerend.html.erb (0.8ms)
Completed 200 OK in 111ms (Views: 82.3ms | ActiveRecord: 5.5ms)


Started GET "/users" for 127.0.0.1 at 2017-10-04 12:58:57 -0300
Processing by UsersController#index as HTML
  Rendering users/index.html.erb within layouts/application
  [1m[36mUser Load (0.6ms)[0m  [1m[34mSELECT "users".* FROM "users"[0m
  Rendered users/index.html.erb within layouts/application (4.0ms)
  [1m[36mUser Load (1.6ms)[0m  [1m[34mSELECT  "users".* FROM "users" WHERE "users"."id" = $1 ORDER BY "users"."id" ASC LIMIT $2[0m  [["id", 1], ["LIMIT", 1]]
  Rendered layouts/_header.html.erb (7.8ms)
  Rendered layouts/_center.html.erb (0.9ms)
  Rendered layouts/_centerend.html.erb (0.8ms)
Completed 200 OK in 155ms (Views: 96.8ms | ActiveRecord: 2.2ms)


Started GET "/users/1" for 127.0.0.1 at 2017-10-04 12:59:00 -0300
Processing by UsersController#show as HTML
  Parameters: {"id"=>"1"}
  [1m[36mUser Load (1.0ms)[0m  [1m[34mSELECT  "users".* FROM "users" WHERE "users"."id" = $1 LIMIT $2[0m  [["id", 1], ["LIMIT", 1]]
  Rendering users/show.html.erb within layouts/application
  [1m[36mUser Load (1.0ms)[0m  [1m[34mSELECT  "users".* FROM "users" WHERE "users"."id" = $1 ORDER BY "users"."id" ASC LIMIT $2[0m  [["id", 1], ["LIMIT", 1]]
  Rendered users/show.html.erb within layouts/application (8.7ms)
  Rendered layouts/_header.html.erb (3.2ms)
  Rendered layouts/_center.html.erb (0.7ms)
  Rendered layouts/_centerend.html.erb (0.7ms)
Completed 200 OK in 119ms (Views: 106.1ms | ActiveRecord: 2.9ms)


  
ActionController::RoutingError (No route matches [GET] "/assets/missing.png"):
  
actionpack (5.0.6) lib/action_dispatch/middleware/debug_exceptions.rb:53:in `call'
web-console (3.5.1) lib/web_console/middleware.rb:135:in `call_app'
web-console (3.5.1) lib/web_console/middleware.rb:28:in `block in call'
web-console (3.5.1) lib/web_console/middleware.rb:18:in `catch'
web-console (3.5.1) lib/web_console/middleware.rb:18:in `call'
actionpack (5.0.6) lib/action_dispatch/middleware/show_exceptions.rb:31:in `call'
railties (5.0.6) lib/rails/rack/logger.rb:36:in `call_app'
railties (5.0.6) lib/rails/rack/logger.rb:24:in `block in call'
activesupport (5.0.6) lib/active_support/tagged_logging.rb:69:in `block in tagged'
activesupport (5.0.6) lib/active_support/tagged_logging.rb:26:in `tagged'
activesupport (5.0.6) lib/active_support/tagged_logging.rb:69:in `tagged'
railties (5.0.6) lib/rails/rack/logger.rb:24:in `call'
sprockets-rails (3.2.1) lib/sprockets/rails/quiet_assets.rb:11:in `block in call'
activesupport (5.0.6) lib/active_support/logger_silence.rb:20:in `silence'
activesupport (5.0.6) lib/active_support/logger.rb:63:in `block (3 levels) in broadcast'
activesupport (5.0.6) lib/active_support/logger_silence.rb:20:in `silence'
activesupport (5.0.6) lib/active_support/logger.rb:61:in `block (2 levels) in broadcast'
sprockets-rails (3.2.1) lib/sprockets/rails/quiet_assets.rb:11:in `call'
actionpack (5.0.6) lib/action_dispatch/middleware/request_id.rb:24:in `call'
rack (2.0.3) lib/rack/method_override.rb:22:in `call'
rack (2.0.3) lib/rack/runtime.rb:22:in `call'
activesupport (5.0.6) lib/active_support/cache/strategy/local_cache_middleware.rb:28:in `call'
actionpack (5.0.6) lib/action_dispatch/middleware/executor.rb:12:in `call'
actionpack (5.0.6) lib/action_dispatch/middleware/static.rb:136:in `call'
rack (2.0.3) lib/rack/sendfile.rb:111:in `call'
railties (5.0.6) lib/rails/engine.rb:522:in `call'
puma (3.10.0) lib/puma/configuration.rb:225:in `call'
puma (3.10.0) lib/puma/server.rb:605:in `handle_request'
puma (3.10.0) lib/puma/server.rb:437:in `process_client'
puma (3.10.0) lib/puma/server.rb:301:in `block in run'
puma (3.10.0) lib/puma/thread_pool.rb:120:in `block in spawn_thread'
Started GET "/users/1" for 127.0.0.1 at 2017-10-04 12:59:01 -0300
Processing by UsersController#show as HTML
  Parameters: {"id"=>"1"}
  [1m[36mUser Load (2.7ms)[0m  [1m[34mSELECT  "users".* FROM "users" WHERE "users"."id" = $1 LIMIT $2[0m  [["id", 1], ["LIMIT", 1]]
  Rendering users/show.html.erb within layouts/application
  [1m[36mUser Load (1.1ms)[0m  [1m[34mSELECT  "users".* FROM "users" WHERE "users"."id" = $1 ORDER BY "users"."id" ASC LIMIT $2[0m  [["id", 1], ["LIMIT", 1]]
  Rendered users/show.html.erb within layouts/application (11.2ms)
  Rendered layouts/_header.html.erb (3.0ms)
  Rendered layouts/_center.html.erb (0.7ms)
  Rendered layouts/_centerend.html.erb (0.7ms)
Completed 200 OK in 158ms (Views: 148.5ms | ActiveRecord: 3.8ms)


  
ActionController::RoutingError (No route matches [GET] "/assets/missing.png"):
  
actionpack (5.0.6) lib/action_dispatch/middleware/debug_exceptions.rb:53:in `call'
web-console (3.5.1) lib/web_console/middleware.rb:135:in `call_app'
web-console (3.5.1) lib/web_console/middleware.rb:28:in `block in call'
web-console (3.5.1) lib/web_console/middleware.rb:18:in `catch'
web-console (3.5.1) lib/web_console/middleware.rb:18:in `call'
actionpack (5.0.6) lib/action_dispatch/middleware/show_exceptions.rb:31:in `call'
railties (5.0.6) lib/rails/rack/logger.rb:36:in `call_app'
railties (5.0.6) lib/rails/rack/logger.rb:24:in `block in call'
activesupport (5.0.6) lib/active_support/tagged_logging.rb:69:in `block in tagged'
activesupport (5.0.6) lib/active_support/tagged_logging.rb:26:in `tagged'
activesupport (5.0.6) lib/active_support/tagged_logging.rb:69:in `tagged'
railties (5.0.6) lib/rails/rack/logger.rb:24:in `call'
sprockets-rails (3.2.1) lib/sprockets/rails/quiet_assets.rb:11:in `block in call'
activesupport (5.0.6) lib/active_support/logger_silence.rb:20:in `silence'
activesupport (5.0.6) lib/active_support/logger.rb:63:in `block (3 levels) in broadcast'
activesupport (5.0.6) lib/active_support/logger_silence.rb:20:in `silence'
activesupport (5.0.6) lib/active_support/logger.rb:61:in `block (2 levels) in broadcast'
sprockets-rails (3.2.1) lib/sprockets/rails/quiet_assets.rb:11:in `call'
actionpack (5.0.6) lib/action_dispatch/middleware/request_id.rb:24:in `call'
rack (2.0.3) lib/rack/method_override.rb:22:in `call'
rack (2.0.3) lib/rack/runtime.rb:22:in `call'
activesupport (5.0.6) lib/active_support/cache/strategy/local_cache_middleware.rb:28:in `call'
actionpack (5.0.6) lib/action_dispatch/middleware/executor.rb:12:in `call'
actionpack (5.0.6) lib/action_dispatch/middleware/static.rb:136:in `call'
rack (2.0.3) lib/rack/sendfile.rb:111:in `call'
railties (5.0.6) lib/rails/engine.rb:522:in `call'
puma (3.10.0) lib/puma/configuration.rb:225:in `call'
puma (3.10.0) lib/puma/server.rb:605:in `handle_request'
puma (3.10.0) lib/puma/server.rb:437:in `process_client'
puma (3.10.0) lib/puma/server.rb:301:in `block in run'
puma (3.10.0) lib/puma/thread_pool.rb:120:in `block in spawn_thread'
Started GET "/users/1" for 127.0.0.1 at 2017-10-04 12:59:19 -0300
Processing by UsersController#show as HTML
  Parameters: {"id"=>"1"}
  [1m[36mUser Load (1.2ms)[0m  [1m[34mSELECT  "users".* FROM "users" WHERE "users"."id" = $1 LIMIT $2[0m  [["id", 1], ["LIMIT", 1]]
  Rendering users/show.html.erb within layouts/application
  [1m[36mUser Load (1.1ms)[0m  [1m[34mSELECT  "users".* FROM "users" WHERE "users"."id" = $1 ORDER BY "users"."id" ASC LIMIT $2[0m  [["id", 1], ["LIMIT", 1]]
  Rendered users/show.html.erb within layouts/application (7.1ms)
  Rendered layouts/_header.html.erb (2.9ms)
  Rendered layouts/_center.html.erb (0.8ms)
  Rendered layouts/_centerend.html.erb (0.9ms)
Completed 200 OK in 212ms (Views: 204.8ms | ActiveRecord: 2.4ms)


  
ActionController::RoutingError (No route matches [GET] "/assets/missing.png"):
  
actionpack (5.0.6) lib/action_dispatch/middleware/debug_exceptions.rb:53:in `call'
web-console (3.5.1) lib/web_console/middleware.rb:135:in `call_app'
web-console (3.5.1) lib/web_console/middleware.rb:28:in `block in call'
web-console (3.5.1) lib/web_console/middleware.rb:18:in `catch'
web-console (3.5.1) lib/web_console/middleware.rb:18:in `call'
actionpack (5.0.6) lib/action_dispatch/middleware/show_exceptions.rb:31:in `call'
railties (5.0.6) lib/rails/rack/logger.rb:36:in `call_app'
railties (5.0.6) lib/rails/rack/logger.rb:24:in `block in call'
activesupport (5.0.6) lib/active_support/tagged_logging.rb:69:in `block in tagged'
activesupport (5.0.6) lib/active_support/tagged_logging.rb:26:in `tagged'
activesupport (5.0.6) lib/active_support/tagged_logging.rb:69:in `tagged'
railties (5.0.6) lib/rails/rack/logger.rb:24:in `call'
sprockets-rails (3.2.1) lib/sprockets/rails/quiet_assets.rb:11:in `block in call'
activesupport (5.0.6) lib/active_support/logger_silence.rb:20:in `silence'
activesupport (5.0.6) lib/active_support/logger.rb:63:in `block (3 levels) in broadcast'
activesupport (5.0.6) lib/active_support/logger_silence.rb:20:in `silence'
activesupport (5.0.6) lib/active_support/logger.rb:61:in `block (2 levels) in broadcast'
sprockets-rails (3.2.1) lib/sprockets/rails/quiet_assets.rb:11:in `call'
actionpack (5.0.6) lib/action_dispatch/middleware/request_id.rb:24:in `call'
rack (2.0.3) lib/rack/method_override.rb:22:in `call'
rack (2.0.3) lib/rack/runtime.rb:22:in `call'
activesupport (5.0.6) lib/active_support/cache/strategy/local_cache_middleware.rb:28:in `call'
actionpack (5.0.6) lib/action_dispatch/middleware/executor.rb:12:in `call'
actionpack (5.0.6) lib/action_dispatch/middleware/static.rb:136:in `call'
rack (2.0.3) lib/rack/sendfile.rb:111:in `call'
railties (5.0.6) lib/rails/engine.rb:522:in `call'
puma (3.10.0) lib/puma/configuration.rb:225:in `call'
puma (3.10.0) lib/puma/server.rb:605:in `handle_request'
puma (3.10.0) lib/puma/server.rb:437:in `process_client'
puma (3.10.0) lib/puma/server.rb:301:in `block in run'
puma (3.10.0) lib/puma/thread_pool.rb:120:in `block in spawn_thread'
Started GET "/users/1" for 127.0.0.1 at 2017-10-04 13:01:00 -0300
Processing by UsersController#show as HTML
  Parameters: {"id"=>"1"}
  [1m[36mUser Load (0.6ms)[0m  [1m[34mSELECT  "users".* FROM "users" WHERE "users"."id" = $1 LIMIT $2[0m  [["id", 1], ["LIMIT", 1]]
  Rendering users/show.html.erb within layouts/application
  [1m[36mUser Load (0.9ms)[0m  [1m[34mSELECT  "users".* FROM "users" WHERE "users"."id" = $1 ORDER BY "users"."id" ASC LIMIT $2[0m  [["id", 1], ["LIMIT", 1]]
  Rendered users/show.html.erb within layouts/application (6.5ms)
  Rendered layouts/_header.html.erb (2.7ms)
  Rendered layouts/_center.html.erb (0.8ms)
  Rendered layouts/_centerend.html.erb (0.6ms)
Completed 200 OK in 228ms (Views: 220.3ms | ActiveRecord: 1.5ms)


  
ActionController::RoutingError (No route matches [GET] "/assets/missing.png"):
  
actionpack (5.0.6) lib/action_dispatch/middleware/debug_exceptions.rb:53:in `call'
web-console (3.5.1) lib/web_console/middleware.rb:135:in `call_app'
web-console (3.5.1) lib/web_console/middleware.rb:28:in `block in call'
web-console (3.5.1) lib/web_console/middleware.rb:18:in `catch'
web-console (3.5.1) lib/web_console/middleware.rb:18:in `call'
actionpack (5.0.6) lib/action_dispatch/middleware/show_exceptions.rb:31:in `call'
railties (5.0.6) lib/rails/rack/logger.rb:36:in `call_app'
railties (5.0.6) lib/rails/rack/logger.rb:24:in `block in call'
activesupport (5.0.6) lib/active_support/tagged_logging.rb:69:in `block in tagged'
activesupport (5.0.6) lib/active_support/tagged_logging.rb:26:in `tagged'
activesupport (5.0.6) lib/active_support/tagged_logging.rb:69:in `tagged'
railties (5.0.6) lib/rails/rack/logger.rb:24:in `call'
sprockets-rails (3.2.1) lib/sprockets/rails/quiet_assets.rb:11:in `block in call'
activesupport (5.0.6) lib/active_support/logger_silence.rb:20:in `silence'
activesupport (5.0.6) lib/active_support/logger.rb:63:in `block (3 levels) in broadcast'
activesupport (5.0.6) lib/active_support/logger_silence.rb:20:in `silence'
activesupport (5.0.6) lib/active_support/logger.rb:61:in `block (2 levels) in broadcast'
sprockets-rails (3.2.1) lib/sprockets/rails/quiet_assets.rb:11:in `call'
actionpack (5.0.6) lib/action_dispatch/middleware/request_id.rb:24:in `call'
rack (2.0.3) lib/rack/method_override.rb:22:in `call'
rack (2.0.3) lib/rack/runtime.rb:22:in `call'
activesupport (5.0.6) lib/active_support/cache/strategy/local_cache_middleware.rb:28:in `call'
actionpack (5.0.6) lib/action_dispatch/middleware/executor.rb:12:in `call'
actionpack (5.0.6) lib/action_dispatch/middleware/static.rb:136:in `call'
rack (2.0.3) lib/rack/sendfile.rb:111:in `call'
railties (5.0.6) lib/rails/engine.rb:522:in `call'
puma (3.10.0) lib/puma/configuration.rb:225:in `call'
puma (3.10.0) lib/puma/server.rb:605:in `handle_request'
puma (3.10.0) lib/puma/server.rb:437:in `process_client'
puma (3.10.0) lib/puma/server.rb:301:in `block in run'
puma (3.10.0) lib/puma/thread_pool.rb:120:in `block in spawn_thread'
Started GET "/users/1/playlists" for 127.0.0.1 at 2017-10-04 13:01:05 -0300
Processing by PlaylistsController#index as HTML
  Parameters: {"user_id"=>"1"}
  [1m[36mUser Load (1.0ms)[0m  [1m[34mSELECT  "users".* FROM "users" WHERE "users"."id" = $1 LIMIT $2[0m  [["id", 1], ["LIMIT", 1]]
  Rendering playlists/index.html.erb within layouts/application
  [1m[36mPlaylist Load (3.4ms)[0m  [1m[34mSELECT "playlists".* FROM "playlists"[0m
  Rendered playlists/index.html.erb within layouts/application (15.8ms)
  [1m[36mUser Load (2.0ms)[0m  [1m[34mSELECT  "users".* FROM "users" WHERE "users"."id" = $1 ORDER BY "users"."id" ASC LIMIT $2[0m  [["id", 1], ["LIMIT", 1]]
  Rendered layouts/_header.html.erb (7.7ms)
  Rendered layouts/_center.html.erb (0.8ms)
  Rendered layouts/_centerend.html.erb (0.7ms)
Completed 200 OK in 134ms (Views: 82.0ms | ActiveRecord: 11.7ms)


  
ActionController::RoutingError (No route matches [GET] "/assets/missing.png"):
  
actionpack (5.0.6) lib/action_dispatch/middleware/debug_exceptions.rb:53:in `call'
web-console (3.5.1) lib/web_console/middleware.rb:135:in `call_app'
web-console (3.5.1) lib/web_console/middleware.rb:28:in `block in call'
web-console (3.5.1) lib/web_console/middleware.rb:18:in `catch'
web-console (3.5.1) lib/web_console/middleware.rb:18:in `call'
actionpack (5.0.6) lib/action_dispatch/middleware/show_exceptions.rb:31:in `call'
railties (5.0.6) lib/rails/rack/logger.rb:36:in `call_app'
railties (5.0.6) lib/rails/rack/logger.rb:24:in `block in call'
activesupport (5.0.6) lib/active_support/tagged_logging.rb:69:in `block in tagged'
activesupport (5.0.6) lib/active_support/tagged_logging.rb:26:in `tagged'
activesupport (5.0.6) lib/active_support/tagged_logging.rb:69:in `tagged'
railties (5.0.6) lib/rails/rack/logger.rb:24:in `call'
sprockets-rails (3.2.1) lib/sprockets/rails/quiet_assets.rb:11:in `block in call'
activesupport (5.0.6) lib/active_support/logger_silence.rb:20:in `silence'
activesupport (5.0.6) lib/active_support/logger.rb:63:in `block (3 levels) in broadcast'
activesupport (5.0.6) lib/active_support/logger_silence.rb:20:in `silence'
activesupport (5.0.6) lib/active_support/logger.rb:61:in `block (2 levels) in broadcast'
sprockets-rails (3.2.1) lib/sprockets/rails/quiet_assets.rb:11:in `call'
actionpack (5.0.6) lib/action_dispatch/middleware/request_id.rb:24:in `call'
rack (2.0.3) lib/rack/method_override.rb:22:in `call'
rack (2.0.3) lib/rack/runtime.rb:22:in `call'
activesupport (5.0.6) lib/active_support/cache/strategy/local_cache_middleware.rb:28:in `call'
actionpack (5.0.6) lib/action_dispatch/middleware/executor.rb:12:in `call'
actionpack (5.0.6) lib/action_dispatch/middleware/static.rb:136:in `call'
rack (2.0.3) lib/rack/sendfile.rb:111:in `call'
railties (5.0.6) lib/rails/engine.rb:522:in `call'
puma (3.10.0) lib/puma/configuration.rb:225:in `call'
puma (3.10.0) lib/puma/server.rb:605:in `handle_request'
puma (3.10.0) lib/puma/server.rb:437:in `process_client'
puma (3.10.0) lib/puma/server.rb:301:in `block in run'
puma (3.10.0) lib/puma/thread_pool.rb:120:in `block in spawn_thread'
Started GET "/users" for 127.0.0.1 at 2017-10-04 13:01:06 -0300
Processing by UsersController#index as HTML
  Rendering users/index.html.erb within layouts/application
  [1m[36mUser Load (0.8ms)[0m  [1m[34mSELECT "users".* FROM "users"[0m
  Rendered users/index.html.erb within layouts/application (5.0ms)
  [1m[36mUser Load (0.8ms)[0m  [1m[34mSELECT  "users".* FROM "users" WHERE "users"."id" = $1 ORDER BY "users"."id" ASC LIMIT $2[0m  [["id", 1], ["LIMIT", 1]]
  Rendered layouts/_header.html.erb (6.3ms)
  Rendered layouts/_center.html.erb (0.8ms)
  Rendered layouts/_centerend.html.erb (0.7ms)
Completed 200 OK in 87ms (Views: 82.2ms | ActiveRecord: 1.6ms)


Started GET "/users/1" for 127.0.0.1 at 2017-10-04 13:01:07 -0300
Processing by UsersController#show as HTML
  Parameters: {"id"=>"1"}
  [1m[36mUser Load (11.4ms)[0m  [1m[34mSELECT  "users".* FROM "users" WHERE "users"."id" = $1 LIMIT $2[0m  [["id", 1], ["LIMIT", 1]]
  Rendering users/show.html.erb within layouts/application
  [1m[36mUser Load (1.3ms)[0m  [1m[34mSELECT  "users".* FROM "users" WHERE "users"."id" = $1 ORDER BY "users"."id" ASC LIMIT $2[0m  [["id", 1], ["LIMIT", 1]]
  Rendered users/show.html.erb within layouts/application (10.1ms)
  
ActionController::RoutingError (No route matches [GET] "/assets/missing.png"):
  
actionpack (5.0.6) lib/action_dispatch/middleware/debug_exceptions.rb:53:in `call'
web-console (3.5.1) lib/web_console/middleware.rb:135:in `call_app'
web-console (3.5.1) lib/web_console/middleware.rb:28:in `block in call'
web-console (3.5.1) lib/web_console/middleware.rb:18:in `catch'
web-console (3.5.1) lib/web_console/middleware.rb:18:in `call'
actionpack (5.0.6) lib/action_dispatch/middleware/show_exceptions.rb:31:in `call'
railties (5.0.6) lib/rails/rack/logger.rb:36:in `call_app'
railties (5.0.6) lib/rails/rack/logger.rb:24:in `block in call'
activesupport (5.0.6) lib/active_support/tagged_logging.rb:69:in `block in tagged'
activesupport (5.0.6) lib/active_support/tagged_logging.rb:26:in `tagged'
activesupport (5.0.6) lib/active_support/tagged_logging.rb:69:in `tagged'
railties (5.0.6) lib/rails/rack/logger.rb:24:in `call'
sprockets-rails (3.2.1) lib/sprockets/rails/quiet_assets.rb:11:in `block in call'
activesupport (5.0.6) lib/active_support/logger_silence.rb:20:in `silence'
activesupport (5.0.6) lib/active_support/logger.rb:63:in `block (3 levels) in broadcast'
activesupport (5.0.6) lib/active_support/logger_silence.rb:20:in `silence'
activesupport (5.0.6) lib/active_support/logger.rb:61:in `block (2 levels) in broadcast'
sprockets-rails (3.2.1) lib/sprockets/rails/quiet_assets.rb:11:in `call'
actionpack (5.0.6) lib/action_dispatch/middleware/request_id.rb:24:in `call'
rack (2.0.3) lib/rack/method_override.rb:22:in `call'
rack (2.0.3) lib/rack/runtime.rb:22:in `call'
activesupport (5.0.6) lib/active_support/cache/strategy/local_cache_middleware.rb:28:in `call'
actionpack (5.0.6) lib/action_dispatch/middleware/executor.rb:12:in `call'
actionpack (5.0.6) lib/action_dispatch/middleware/static.rb:136:in `call'
rack (2.0.3) lib/rack/sendfile.rb:111:in `call'
railties (5.0.6) lib/rails/engine.rb:522:in `call'
puma (3.10.0) lib/puma/configuration.rb:225:in `call'
puma (3.10.0) lib/puma/server.rb:605:in `handle_request'
puma (3.10.0) lib/puma/server.rb:437:in `process_client'
puma (3.10.0) lib/puma/server.rb:301:in `block in run'
puma (3.10.0) lib/puma/thread_pool.rb:120:in `block in spawn_thread'
  Rendered layouts/_header.html.erb (2.9ms)
  Rendered layouts/_center.html.erb (0.9ms)
  Rendered layouts/_centerend.html.erb (0.7ms)
Completed 200 OK in 156ms (Views: 138.2ms | ActiveRecord: 12.7ms)


Started GET "/users" for 127.0.0.1 at 2017-10-04 13:01:11 -0300
Processing by UsersController#index as HTML
  Rendering users/index.html.erb within layouts/application
  [1m[36mUser Load (0.7ms)[0m  [1m[34mSELECT "users".* FROM "users"[0m
  Rendered users/index.html.erb within layouts/application (4.3ms)
  [1m[36mUser Load (0.9ms)[0m  [1m[34mSELECT  "users".* FROM "users" WHERE "users"."id" = $1 ORDER BY "users"."id" ASC LIMIT $2[0m  [["id", 1], ["LIMIT", 1]]
  Rendered layouts/_header.html.erb (6.6ms)
  Rendered layouts/_center.html.erb (0.7ms)
  Rendered layouts/_centerend.html.erb (0.8ms)
Completed 200 OK in 88ms (Views: 83.7ms | ActiveRecord: 1.7ms)


Started GET "/" for 127.0.0.1 at 2017-10-04 13:03:35 -0300
  [1m[36mActiveRecord::SchemaMigration Load (1.1ms)[0m  [1m[34mSELECT "schema_migrations".* FROM "schema_migrations"[0m
Processing by WelcomeController#index as HTML
  Rendering welcome/index.html.erb within layouts/application
  [1m[36mUser Load (2.1ms)[0m  [1m[34mSELECT  "users".* FROM "users" WHERE "users"."id" = $1 ORDER BY "users"."id" ASC LIMIT $2[0m  [["id", 1], ["LIMIT", 1]]
  Rendered welcome/index.html.erb within layouts/application (55.9ms)
  Rendered layouts/_header.html.erb (4.5ms)
  Rendered layouts/_center.html.erb (0.6ms)
  Rendered layouts/_centerend.html.erb (0.8ms)
Completed 200 OK in 780ms (Views: 741.9ms | ActiveRecord: 12.3ms)


Started GET "/users/1/playlists" for 127.0.0.1 at 2017-10-04 13:03:37 -0300
Processing by PlaylistsController#index as HTML
  Parameters: {"user_id"=>"1"}
  [1m[36mUser Load (0.7ms)[0m  [1m[34mSELECT  "users".* FROM "users" WHERE "users"."id" = $1 LIMIT $2[0m  [["id", 1], ["LIMIT", 1]]
  Rendering playlists/index.html.erb within layouts/application
  [1m[36mPlaylist Load (1.3ms)[0m  [1m[34mSELECT "playlists".* FROM "playlists"[0m
  Rendered playlists/index.html.erb within layouts/application (12.0ms)
  [1m[36mUser Load (0.9ms)[0m  [1m[34mSELECT  "users".* FROM "users" WHERE "users"."id" = $1 ORDER BY "users"."id" ASC LIMIT $2[0m  [["id", 1], ["LIMIT", 1]]
  Rendered layouts/_header.html.erb (6.5ms)
  Rendered layouts/_center.html.erb (0.8ms)
  Rendered layouts/_centerend.html.erb (0.7ms)
Completed 200 OK in 129ms (Views: 84.8ms | ActiveRecord: 6.7ms)


Started GET "/users/1/playlists/new" for 127.0.0.1 at 2017-10-04 13:03:39 -0300
Processing by PlaylistsController#new as HTML
  Parameters: {"user_id"=>"1"}
  [1m[36mUser Load (1.4ms)[0m  [1m[34mSELECT  "users".* FROM "users" WHERE "users"."id" = $1 LIMIT $2[0m  [["id", 1], ["LIMIT", 1]]
  Rendering playlists/new.html.erb within layouts/application
  [1m[36mSong Load (1.3ms)[0m  [1m[34mSELECT "songs".* FROM "songs"[0m
  Rendered playlists/_form.html.erb (53.7ms)
  Rendered playlists/new.html.erb within layouts/application (56.8ms)
  [1m[36mUser Load (0.8ms)[0m  [1m[34mSELECT  "users".* FROM "users" WHERE "users"."id" = $1 ORDER BY "users"."id" ASC LIMIT $2[0m  [["id", 1], ["LIMIT", 1]]
  Rendered layouts/_header.html.erb (6.4ms)
  Rendered layouts/_center.html.erb (0.7ms)
  Rendered layouts/_centerend.html.erb (0.7ms)
Completed 200 OK in 232ms (Views: 122.0ms | ActiveRecord: 15.4ms)


Started GET "/artists" for 127.0.0.1 at 2017-10-04 13:03:41 -0300
Processing by ArtistsController#index as HTML
  Rendering artists/index.html.erb within layouts/application
  [1m[36mArtist Load (1.2ms)[0m  [1m[34mSELECT "artists".* FROM "artists"[0m
  Rendered artists/index.html.erb within layouts/application (10.4ms)
  [1m[36mUser Load (1.0ms)[0m  [1m[34mSELECT  "users".* FROM "users" WHERE "users"."id" = $1 ORDER BY "users"."id" ASC LIMIT $2[0m  [["id", 1], ["LIMIT", 1]]
  Rendered layouts/_header.html.erb (7.3ms)
  Rendered layouts/_center.html.erb (0.8ms)
  Rendered layouts/_centerend.html.erb (0.8ms)
Completed 200 OK in 113ms (Views: 84.1ms | ActiveRecord: 5.2ms)


Started GET "/artists/new" for 127.0.0.1 at 2017-10-04 13:03:42 -0300
Processing by ArtistsController#new as HTML
  [1m[36mUser Load (1.0ms)[0m  [1m[34mSELECT  "users".* FROM "users" WHERE "users"."id" = $1 ORDER BY "users"."id" ASC LIMIT $2[0m  [["id", 1], ["LIMIT", 1]]
  Rendering artists/new.html.erb within layouts/application
  Rendered artists/_form.html.erb (14.6ms)
  Rendered artists/new.html.erb within layouts/application (17.0ms)
  Rendered layouts/_header.html.erb (2.7ms)
  Rendered layouts/_center.html.erb (0.7ms)
  Rendered layouts/_centerend.html.erb (0.7ms)
Completed 200 OK in 159ms (Views: 92.1ms | ActiveRecord: 14.0ms)


Started GET "/users/1" for 127.0.0.1 at 2017-10-04 13:03:44 -0300
Processing by UsersController#show as HTML
  Parameters: {"id"=>"1"}
  [1m[36mUser Load (1.0ms)[0m  [1m[34mSELECT  "users".* FROM "users" WHERE "users"."id" = $1 LIMIT $2[0m  [["id", 1], ["LIMIT", 1]]
  Rendering users/show.html.erb within layouts/application
  [1m[36mUser Load (1.7ms)[0m  [1m[34mSELECT  "users".* FROM "users" WHERE "users"."id" = $1 ORDER BY "users"."id" ASC LIMIT $2[0m  [["id", 1], ["LIMIT", 1]]
  Rendered users/show.html.erb within layouts/application (9.6ms)
  Rendered layouts/_header.html.erb (2.9ms)
  Rendered layouts/_center.html.erb (0.7ms)
  Rendered layouts/_centerend.html.erb (0.6ms)
Completed 200 OK in 103ms (Views: 94.5ms | ActiveRecord: 2.7ms)


  
ActionController::RoutingError (No route matches [GET] "/assets/missing.png"):
  
actionpack (5.0.6) lib/action_dispatch/middleware/debug_exceptions.rb:53:in `call'
web-console (3.5.1) lib/web_console/middleware.rb:135:in `call_app'
web-console (3.5.1) lib/web_console/middleware.rb:28:in `block in call'
web-console (3.5.1) lib/web_console/middleware.rb:18:in `catch'
web-console (3.5.1) lib/web_console/middleware.rb:18:in `call'
actionpack (5.0.6) lib/action_dispatch/middleware/show_exceptions.rb:31:in `call'
railties (5.0.6) lib/rails/rack/logger.rb:36:in `call_app'
railties (5.0.6) lib/rails/rack/logger.rb:24:in `block in call'
activesupport (5.0.6) lib/active_support/tagged_logging.rb:69:in `block in tagged'
activesupport (5.0.6) lib/active_support/tagged_logging.rb:26:in `tagged'
activesupport (5.0.6) lib/active_support/tagged_logging.rb:69:in `tagged'
railties (5.0.6) lib/rails/rack/logger.rb:24:in `call'
sprockets-rails (3.2.1) lib/sprockets/rails/quiet_assets.rb:11:in `block in call'
activesupport (5.0.6) lib/active_support/logger_silence.rb:20:in `silence'
activesupport (5.0.6) lib/active_support/logger.rb:63:in `block (3 levels) in broadcast'
activesupport (5.0.6) lib/active_support/logger_silence.rb:20:in `silence'
activesupport (5.0.6) lib/active_support/logger.rb:61:in `block (2 levels) in broadcast'
sprockets-rails (3.2.1) lib/sprockets/rails/quiet_assets.rb:11:in `call'
actionpack (5.0.6) lib/action_dispatch/middleware/request_id.rb:24:in `call'
rack (2.0.3) lib/rack/method_override.rb:22:in `call'
rack (2.0.3) lib/rack/runtime.rb:22:in `call'
activesupport (5.0.6) lib/active_support/cache/strategy/local_cache_middleware.rb:28:in `call'
actionpack (5.0.6) lib/action_dispatch/middleware/executor.rb:12:in `call'
actionpack (5.0.6) lib/action_dispatch/middleware/static.rb:136:in `call'
rack (2.0.3) lib/rack/sendfile.rb:111:in `call'
railties (5.0.6) lib/rails/engine.rb:522:in `call'
puma (3.10.0) lib/puma/configuration.rb:225:in `call'
puma (3.10.0) lib/puma/server.rb:605:in `handle_request'
puma (3.10.0) lib/puma/server.rb:437:in `process_client'
puma (3.10.0) lib/puma/server.rb:301:in `block in run'
puma (3.10.0) lib/puma/thread_pool.rb:120:in `block in spawn_thread'
Started GET "/users/edit" for 127.0.0.1 at 2017-10-04 13:03:45 -0300
Processing by Devise::RegistrationsController#edit as HTML
  [1m[36mUser Load (1.2ms)[0m  [1m[34mSELECT  "users".* FROM "users" WHERE "users"."id" = $1 ORDER BY "users"."id" ASC LIMIT $2[0m  [["id", 1], ["LIMIT", 1]]
  Rendering devise/registrations/edit.html.erb within layouts/application
  Rendered devise/registrations/edit.html.erb within layouts/application (14.5ms)
  Rendered layouts/_header.html.erb (2.9ms)
  Rendered layouts/_center.html.erb (0.8ms)
  Rendered layouts/_centerend.html.erb (0.8ms)
Completed 200 OK in 107ms (Views: 98.7ms | ActiveRecord: 1.2ms)


Started PUT "/users" for 127.0.0.1 at 2017-10-04 13:05:46 -0300
Processing by Devise::RegistrationsController#update as HTML
  Parameters: {"utf8"=>"✓", "authenticity_token"=>"YUO0bauPYZr0MHVns37T4juNDS/Smx9hMG7xlK57EcbeGXaR/Ki4sm4i7lV13CpU5zgJzdAm9VjU1HiAXuxOxA==", "user"=>{"email"=>"rfenzo@uc.cl", "current_password"=>"[FILTERED]", "password"=>"[FILTERED]", "password_confirmation"=>"[FILTERED]", "avatar"=>#<ActionDispatch::Http::UploadedFile:0x007f58982426b8 @tempfile=#<Tempfile:/tmp/RackMultipart20171004-6561-oj35hi.jpg>, @original_filename="god.jpg", @content_type="image/jpeg", @headers="Content-Disposition: form-data; name=\"user[avatar]\"; filename=\"god.jpg\"\r\nContent-Type: image/jpeg\r\n">}, "commit"=>"Update"}
  [1m[36mUser Load (1.1ms)[0m  [1m[34mSELECT  "users".* FROM "users" WHERE "users"."id" = $1 ORDER BY "users"."id" ASC LIMIT $2[0m  [["id", 1], ["LIMIT", 1]]
  [1m[36mUser Load (1.0ms)[0m  [1m[34mSELECT  "users".* FROM "users" WHERE "users"."id" = $1 LIMIT $2[0m  [["id", 1], ["LIMIT", 1]]
  [1m[35m (0.4ms)[0m  [1m[35mBEGIN[0m
Command :: file -b --mime '/tmp/a4757d7419ff3b48e92e90596f0e754820171004-6561-1nqr2co.jpg'
Command :: identify -format '%wx%h,%[exif:orientation]' '/tmp/a4757d7419ff3b48e92e90596f0e754820171004-6561-y2mpuo.jpg[0]' 2>/dev/null
Command :: identify -format %m '/tmp/a4757d7419ff3b48e92e90596f0e754820171004-6561-y2mpuo.jpg[0]'
Command :: convert '/tmp/a4757d7419ff3b48e92e90596f0e754820171004-6561-y2mpuo.jpg[0]' -auto-orient -resize "300x300>" '/tmp/3955a8b2a9f1c4565e2ef4288617a43d20171004-6561-71f739'
Command :: identify -format '%wx%h,%[exif:orientation]' '/tmp/a4757d7419ff3b48e92e90596f0e754820171004-6561-y2mpuo.jpg[0]' 2>/dev/null
Command :: identify -format %m '/tmp/a4757d7419ff3b48e92e90596f0e754820171004-6561-y2mpuo.jpg[0]'
Command :: convert '/tmp/a4757d7419ff3b48e92e90596f0e754820171004-6561-y2mpuo.jpg[0]' -auto-orient -resize "150x150>" '/tmp/3955a8b2a9f1c4565e2ef4288617a43d20171004-6561-tfj6ws'
Command :: identify -format '%wx%h,%[exif:orientation]' '/tmp/a4757d7419ff3b48e92e90596f0e754820171004-6561-y2mpuo.jpg[0]' 2>/dev/null
Command :: identify -format %m '/tmp/a4757d7419ff3b48e92e90596f0e754820171004-6561-y2mpuo.jpg[0]'
Command :: convert '/tmp/a4757d7419ff3b48e92e90596f0e754820171004-6561-y2mpuo.jpg[0]' -auto-orient -resize "100x100>" '/tmp/3955a8b2a9f1c4565e2ef4288617a43d20171004-6561-1iokp8n'
Command :: file -b --mime '/tmp/a4757d7419ff3b48e92e90596f0e754820171004-6561-r4djmz.jpg'
  [1m[35m (0.6ms)[0m  [1m[31mROLLBACK[0m
  Rendering devise/registrations/edit.html.erb within layouts/application
  Rendered devise/registrations/edit.html.erb within layouts/application (12.9ms)
  Rendered layouts/_header.html.erb (2.7ms)
  Rendered layouts/_center.html.erb (0.7ms)
  Rendered layouts/_centerend.html.erb (0.7ms)
Completed 200 OK in 961ms (Views: 87.6ms | ActiveRecord: 3.1ms)


Started PUT "/users" for 127.0.0.1 at 2017-10-04 13:06:11 -0300
Processing by Devise::RegistrationsController#update as HTML
  Parameters: {"utf8"=>"✓", "authenticity_token"=>"hoG0E5Lck/SR9K8N03T5JBP8wYBeAozsZNYD4UaK13M523bvxftK3AvmND8V1gCSz0nFYly/ZtWAbIr1th2IcQ==", "user"=>{"email"=>"rfenzo@uc.cl", "current_password"=>"[FILTERED]", "password"=>"[FILTERED]", "password_confirmation"=>"[FILTERED]", "avatar"=>#<ActionDispatch::Http::UploadedFile:0x007f58a9ceff28 @tempfile=#<Tempfile:/tmp/RackMultipart20171004-6561-sl258n.jpg>, @original_filename="god.jpg", @content_type="image/jpeg", @headers="Content-Disposition: form-data; name=\"user[avatar]\"; filename=\"god.jpg\"\r\nContent-Type: image/jpeg\r\n">}, "commit"=>"Update"}
  [1m[36mUser Load (1.0ms)[0m  [1m[34mSELECT  "users".* FROM "users" WHERE "users"."id" = $1 ORDER BY "users"."id" ASC LIMIT $2[0m  [["id", 1], ["LIMIT", 1]]
  [1m[36mUser Load (0.7ms)[0m  [1m[34mSELECT  "users".* FROM "users" WHERE "users"."id" = $1 LIMIT $2[0m  [["id", 1], ["LIMIT", 1]]
Command :: file -b --mime '/tmp/a4757d7419ff3b48e92e90596f0e754820171004-6561-1l4cyjx.jpg'
Command :: identify -format '%wx%h,%[exif:orientation]' '/tmp/a4757d7419ff3b48e92e90596f0e754820171004-6561-1bwisup.jpg[0]' 2>/dev/null
Command :: identify -format %m '/tmp/a4757d7419ff3b48e92e90596f0e754820171004-6561-1bwisup.jpg[0]'
Command :: convert '/tmp/a4757d7419ff3b48e92e90596f0e754820171004-6561-1bwisup.jpg[0]' -auto-orient -resize "300x300>" '/tmp/4f22efab58c2eb4d800a32cb6cc330d720171004-6561-1arvmwf'
Command :: identify -format '%wx%h,%[exif:orientation]' '/tmp/a4757d7419ff3b48e92e90596f0e754820171004-6561-1bwisup.jpg[0]' 2>/dev/null
Command :: identify -format %m '/tmp/a4757d7419ff3b48e92e90596f0e754820171004-6561-1bwisup.jpg[0]'
Command :: convert '/tmp/a4757d7419ff3b48e92e90596f0e754820171004-6561-1bwisup.jpg[0]' -auto-orient -resize "150x150>" '/tmp/4f22efab58c2eb4d800a32cb6cc330d720171004-6561-1xgy6jk'
Command :: identify -format '%wx%h,%[exif:orientation]' '/tmp/a4757d7419ff3b48e92e90596f0e754820171004-6561-1bwisup.jpg[0]' 2>/dev/null
Command :: identify -format %m '/tmp/a4757d7419ff3b48e92e90596f0e754820171004-6561-1bwisup.jpg[0]'
Command :: convert '/tmp/a4757d7419ff3b48e92e90596f0e754820171004-6561-1bwisup.jpg[0]' -auto-orient -resize "100x100>" '/tmp/4f22efab58c2eb4d800a32cb6cc330d720171004-6561-piopct'
Command :: file -b --mime '/tmp/a4757d7419ff3b48e92e90596f0e754820171004-6561-839nb4.jpg'
  Rendering devise/registrations/edit.html.erb within layouts/application
  Rendered devise/registrations/edit.html.erb within layouts/application (9.3ms)
  Rendered layouts/_header.html.erb (2.9ms)
  Rendered layouts/_center.html.erb (0.8ms)
  Rendered layouts/_centerend.html.erb (0.8ms)
Completed 200 OK in 688ms (Views: 80.0ms | ActiveRecord: 1.7ms)


Started PUT "/users" for 127.0.0.1 at 2017-10-04 13:06:29 -0300
Processing by Devise::RegistrationsController#update as HTML
  Parameters: {"utf8"=>"✓", "authenticity_token"=>"nSdM3qJDGVtrOL508lVTY9yTwo8sseKrQfpK2Yg7UxAifY4i9WTAc/EqJUY096rVACbGbS4MCJKlQMPNeKwMEg==", "user"=>{"email"=>"rfenzo@uc.cl", "current_password"=>"[FILTERED]", "password"=>"[FILTERED]", "password_confirmation"=>"[FILTERED]", "avatar"=>#<ActionDispatch::Http::UploadedFile:0x007f58a90d1d90 @tempfile=#<Tempfile:/tmp/RackMultipart20171004-6561-1f5ff00.jpg>, @original_filename="god.jpg", @content_type="image/jpeg", @headers="Content-Disposition: form-data; name=\"user[avatar]\"; filename=\"god.jpg\"\r\nContent-Type: image/jpeg\r\n">}, "commit"=>"Update"}
  [1m[36mUser Load (1.5ms)[0m  [1m[34mSELECT  "users".* FROM "users" WHERE "users"."id" = $1 ORDER BY "users"."id" ASC LIMIT $2[0m  [["id", 1], ["LIMIT", 1]]
  [1m[36mUser Load (0.9ms)[0m  [1m[34mSELECT  "users".* FROM "users" WHERE "users"."id" = $1 LIMIT $2[0m  [["id", 1], ["LIMIT", 1]]
  [1m[35m (0.5ms)[0m  [1m[35mBEGIN[0m
Command :: file -b --mime '/tmp/a4757d7419ff3b48e92e90596f0e754820171004-6561-12axhqq.jpg'
Command :: identify -format '%wx%h,%[exif:orientation]' '/tmp/a4757d7419ff3b48e92e90596f0e754820171004-6561-1gofsl3.jpg[0]' 2>/dev/null
Command :: identify -format %m '/tmp/a4757d7419ff3b48e92e90596f0e754820171004-6561-1gofsl3.jpg[0]'
Command :: convert '/tmp/a4757d7419ff3b48e92e90596f0e754820171004-6561-1gofsl3.jpg[0]' -auto-orient -resize "300x300>" '/tmp/0b3cc29683c552bed34482a1cd89d99320171004-6561-gwkham'
Command :: identify -format '%wx%h,%[exif:orientation]' '/tmp/a4757d7419ff3b48e92e90596f0e754820171004-6561-1gofsl3.jpg[0]' 2>/dev/null
Command :: identify -format %m '/tmp/a4757d7419ff3b48e92e90596f0e754820171004-6561-1gofsl3.jpg[0]'
Command :: convert '/tmp/a4757d7419ff3b48e92e90596f0e754820171004-6561-1gofsl3.jpg[0]' -auto-orient -resize "150x150>" '/tmp/0b3cc29683c552bed34482a1cd89d99320171004-6561-7n8ne'
Command :: identify -format '%wx%h,%[exif:orientation]' '/tmp/a4757d7419ff3b48e92e90596f0e754820171004-6561-1gofsl3.jpg[0]' 2>/dev/null
Command :: identify -format %m '/tmp/a4757d7419ff3b48e92e90596f0e754820171004-6561-1gofsl3.jpg[0]'
Command :: convert '/tmp/a4757d7419ff3b48e92e90596f0e754820171004-6561-1gofsl3.jpg[0]' -auto-orient -resize "100x100>" '/tmp/0b3cc29683c552bed34482a1cd89d99320171004-6561-1npk0tz'
Command :: file -b --mime '/tmp/a4757d7419ff3b48e92e90596f0e754820171004-6561-vwg4xm.jpg'
  [1m[35mSQL (1.0ms)[0m  [1m[33mUPDATE "users" SET "avatar_file_name" = $1, "avatar_content_type" = $2, "avatar_file_size" = $3, "avatar_updated_at" = $4, "updated_at" = $5 WHERE "users"."id" = $6[0m  [["avatar_file_name", "god.jpg"], ["avatar_content_type", "image/jpeg"], ["avatar_file_size", 15270], ["avatar_updated_at", "2017-10-04 16:06:29.602821"], ["updated_at", "2017-10-04 16:06:29.994371"], ["id", 1]]
  [1m[35m (2.2ms)[0m  [1m[35mCOMMIT[0m
Redirected to http://localhost:3000/
Completed 302 Found in 644ms (ActiveRecord: 6.1ms)


Started GET "/" for 127.0.0.1 at 2017-10-04 13:06:30 -0300
Processing by WelcomeController#index as HTML
  Rendering welcome/index.html.erb within layouts/application
  [1m[36mUser Load (0.8ms)[0m  [1m[34mSELECT  "users".* FROM "users" WHERE "users"."id" = $1 ORDER BY "users"."id" ASC LIMIT $2[0m  [["id", 1], ["LIMIT", 1]]
  Rendered welcome/index.html.erb within layouts/application (4.0ms)
  Rendered layouts/_header.html.erb (2.8ms)
  Rendered layouts/_center.html.erb (0.7ms)
  Rendered layouts/_centerend.html.erb (0.6ms)
Completed 200 OK in 89ms (Views: 86.1ms | ActiveRecord: 0.8ms)


Started GET "/users/1" for 127.0.0.1 at 2017-10-04 13:06:33 -0300
Processing by UsersController#show as HTML
  Parameters: {"id"=>"1"}
  [1m[36mUser Load (0.5ms)[0m  [1m[34mSELECT  "users".* FROM "users" WHERE "users"."id" = $1 LIMIT $2[0m  [["id", 1], ["LIMIT", 1]]
  Rendering users/show.html.erb within layouts/application
  [1m[36mUser Load (1.3ms)[0m  [1m[34mSELECT  "users".* FROM "users" WHERE "users"."id" = $1 ORDER BY "users"."id" ASC LIMIT $2[0m  [["id", 1], ["LIMIT", 1]]
  Rendered users/show.html.erb within layouts/application (8.5ms)
  Rendered layouts/_header.html.erb (2.7ms)
  Rendered layouts/_center.html.erb (0.7ms)
  Rendered layouts/_centerend.html.erb (0.7ms)
Completed 200 OK in 85ms (Views: 78.6ms | ActiveRecord: 1.8ms)


Started GET "/users/1/playlists" for 127.0.0.1 at 2017-10-04 13:06:34 -0300
Processing by PlaylistsController#index as HTML
  Parameters: {"user_id"=>"1"}
  [1m[36mUser Load (0.5ms)[0m  [1m[34mSELECT  "users".* FROM "users" WHERE "users"."id" = $1 LIMIT $2[0m  [["id", 1], ["LIMIT", 1]]
  Rendering playlists/index.html.erb within layouts/application
  [1m[36mPlaylist Load (0.6ms)[0m  [1m[34mSELECT "playlists".* FROM "playlists"[0m
  Rendered playlists/index.html.erb within layouts/application (4.7ms)
  [1m[36mUser Load (0.8ms)[0m  [1m[34mSELECT  "users".* FROM "users" WHERE "users"."id" = $1 ORDER BY "users"."id" ASC LIMIT $2[0m  [["id", 1], ["LIMIT", 1]]
  Rendered layouts/_header.html.erb (6.0ms)
  Rendered layouts/_center.html.erb (0.8ms)
  Rendered layouts/_centerend.html.erb (0.7ms)
Completed 200 OK in 99ms (Views: 86.1ms | ActiveRecord: 1.9ms)


Started GET "/albums" for 127.0.0.1 at 2017-10-04 13:06:35 -0300
Processing by AlbumsController#index as HTML
  Rendering albums/index.html.erb within layouts/application
  [1m[36mAlbum Load (1.3ms)[0m  [1m[34mSELECT "albums".* FROM "albums"[0m
  Rendered albums/index.html.erb within layouts/application (10.0ms)
  [1m[36mUser Load (0.9ms)[0m  [1m[34mSELECT  "users".* FROM "users" WHERE "users"."id" = $1 ORDER BY "users"."id" ASC LIMIT $2[0m  [["id", 1], ["LIMIT", 1]]
  Rendered layouts/_header.html.erb (6.7ms)
  Rendered layouts/_center.html.erb (0.9ms)
  Rendered layouts/_centerend.html.erb (0.7ms)
Completed 200 OK in 116ms (Views: 72.7ms | ActiveRecord: 5.3ms)


Started GET "/songs" for 127.0.0.1 at 2017-10-04 13:06:36 -0300
Processing by SongsController#index as HTML
  Rendering songs/index.html.erb within layouts/application
  [1m[36mSong Load (2.7ms)[0m  [1m[34mSELECT "songs".* FROM "songs"[0m
  Rendered songs/index.html.erb within layouts/application (7.9ms)
  [1m[36mUser Load (1.0ms)[0m  [1m[34mSELECT  "users".* FROM "users" WHERE "users"."id" = $1 ORDER BY "users"."id" ASC LIMIT $2[0m  [["id", 1], ["LIMIT", 1]]
  Rendered layouts/_header.html.erb (6.2ms)
  Rendered layouts/_center.html.erb (0.7ms)
  Rendered layouts/_centerend.html.erb (0.7ms)
Completed 200 OK in 106ms (Views: 98.5ms | ActiveRecord: 3.8ms)


Started GET "/users" for 127.0.0.1 at 2017-10-04 13:06:37 -0300
Processing by UsersController#index as HTML
  Rendering users/index.html.erb within layouts/application
  [1m[36mUser Load (1.0ms)[0m  [1m[34mSELECT "users".* FROM "users"[0m
  Rendered users/index.html.erb within layouts/application (5.5ms)
  [1m[36mUser Load (1.3ms)[0m  [1m[34mSELECT  "users".* FROM "users" WHERE "users"."id" = $1 ORDER BY "users"."id" ASC LIMIT $2[0m  [["id", 1], ["LIMIT", 1]]
  Rendered layouts/_header.html.erb (6.3ms)
  Rendered layouts/_center.html.erb (0.7ms)
  Rendered layouts/_centerend.html.erb (0.7ms)
Completed 200 OK in 81ms (Views: 75.7ms | ActiveRecord: 2.3ms)


Started GET "/artists" for 127.0.0.1 at 2017-10-04 13:06:38 -0300
Processing by ArtistsController#index as HTML
  Rendering artists/index.html.erb within layouts/application
  [1m[36mArtist Load (0.7ms)[0m  [1m[34mSELECT "artists".* FROM "artists"[0m
  Rendered artists/index.html.erb within layouts/application (4.8ms)
  [1m[36mUser Load (0.9ms)[0m  [1m[34mSELECT  "users".* FROM "users" WHERE "users"."id" = $1 ORDER BY "users"."id" ASC LIMIT $2[0m  [["id", 1], ["LIMIT", 1]]
  Rendered layouts/_header.html.erb (6.2ms)
  Rendered layouts/_center.html.erb (0.7ms)
  Rendered layouts/_centerend.html.erb (1.0ms)
Completed 200 OK in 83ms (Views: 78.6ms | ActiveRecord: 1.5ms)


Started GET "/artists/new" for 127.0.0.1 at 2017-10-04 13:06:39 -0300
Processing by ArtistsController#new as HTML
  [1m[36mUser Load (1.3ms)[0m  [1m[34mSELECT  "users".* FROM "users" WHERE "users"."id" = $1 ORDER BY "users"."id" ASC LIMIT $2[0m  [["id", 1], ["LIMIT", 1]]
  Rendering artists/new.html.erb within layouts/application
  Rendered artists/_form.html.erb (11.9ms)
  Rendered artists/new.html.erb within layouts/application (14.8ms)
  Rendered layouts/_header.html.erb (2.8ms)
  Rendered layouts/_center.html.erb (0.7ms)
  Rendered layouts/_centerend.html.erb (0.7ms)
Completed 200 OK in 95ms (Views: 85.1ms | ActiveRecord: 1.3ms)


Started GET "/albums" for 127.0.0.1 at 2017-10-04 13:06:45 -0300
Processing by AlbumsController#index as HTML
  Rendering albums/index.html.erb within layouts/application
  [1m[36mAlbum Load (0.7ms)[0m  [1m[34mSELECT "albums".* FROM "albums"[0m
  Rendered albums/index.html.erb within layouts/application (5.1ms)
  [1m[36mUser Load (0.8ms)[0m  [1m[34mSELECT  "users".* FROM "users" WHERE "users"."id" = $1 ORDER BY "users"."id" ASC LIMIT $2[0m  [["id", 1], ["LIMIT", 1]]
  Rendered layouts/_header.html.erb (6.3ms)
  Rendered layouts/_center.html.erb (0.9ms)
  Rendered layouts/_centerend.html.erb (0.7ms)
Completed 200 OK in 87ms (Views: 82.2ms | ActiveRecord: 1.5ms)


Started GET "/albums/new" for 127.0.0.1 at 2017-10-04 13:06:46 -0300
Processing by AlbumsController#new as HTML
  [1m[36mUser Load (0.8ms)[0m  [1m[34mSELECT  "users".* FROM "users" WHERE "users"."id" = $1 ORDER BY "users"."id" ASC LIMIT $2[0m  [["id", 1], ["LIMIT", 1]]
  Rendering albums/new.html.erb within layouts/application
  [1m[36mArtist Load (0.9ms)[0m  [1m[34mSELECT "artists".* FROM "artists"[0m
  Rendered albums/_form.html.erb (17.1ms)
  Rendered albums/new.html.erb within layouts/application (19.5ms)
  Rendered layouts/_header.html.erb (3.3ms)
  Rendered layouts/_center.html.erb (0.7ms)
  Rendered layouts/_centerend.html.erb (0.7ms)
Completed 200 OK in 151ms (Views: 119.2ms | ActiveRecord: 4.8ms)


Started GET "/artists" for 127.0.0.1 at 2017-10-04 13:06:48 -0300
Processing by ArtistsController#index as HTML
  Rendering artists/index.html.erb within layouts/application
  [1m[36mArtist Load (0.7ms)[0m  [1m[34mSELECT "artists".* FROM "artists"[0m
  Rendered artists/index.html.erb within layouts/application (4.0ms)
  [1m[36mUser Load (1.0ms)[0m  [1m[34mSELECT  "users".* FROM "users" WHERE "users"."id" = $1 ORDER BY "users"."id" ASC LIMIT $2[0m  [["id", 1], ["LIMIT", 1]]
  Rendered layouts/_header.html.erb (6.6ms)
  Rendered layouts/_center.html.erb (0.7ms)
  Rendered layouts/_centerend.html.erb (0.7ms)
Completed 200 OK in 84ms (Views: 79.7ms | ActiveRecord: 1.7ms)


Started GET "/artists/new" for 127.0.0.1 at 2017-10-04 13:06:49 -0300
Processing by ArtistsController#new as HTML
  [1m[36mUser Load (1.4ms)[0m  [1m[34mSELECT  "users".* FROM "users" WHERE "users"."id" = $1 ORDER BY "users"."id" ASC LIMIT $2[0m  [["id", 1], ["LIMIT", 1]]
  Rendering artists/new.html.erb within layouts/application
  Rendered artists/_form.html.erb (10.4ms)
  Rendered artists/new.html.erb within layouts/application (12.8ms)
  Rendered layouts/_header.html.erb (2.7ms)
  Rendered layouts/_center.html.erb (0.8ms)
  Rendered layouts/_centerend.html.erb (0.7ms)
Completed 200 OK in 87ms (Views: 78.1ms | ActiveRecord: 1.4ms)


Started GET "/" for 127.0.0.1 at 2017-10-06 21:55:28 -0300
  [1m[36mActiveRecord::SchemaMigration Load (2.1ms)[0m  [1m[34mSELECT "schema_migrations".* FROM "schema_migrations"[0m
Processing by WelcomeController#index as HTML
  Rendering welcome/index.html.erb within layouts/application
  Rendered welcome/index.html.erb within layouts/application (10.6ms)
  Rendered layouts/_header.html.erb (6.3ms)
  Rendered layouts/_center.html.erb (0.7ms)
  Rendered layouts/_centerend.html.erb (2.2ms)
Completed 200 OK in 1489ms (Views: 1459.3ms | ActiveRecord: 0.0ms)


Started GET "/songs" for 127.0.0.1 at 2017-10-06 21:55:36 -0300
Processing by SongsController#index as HTML
  Rendering songs/index.html.erb within layouts/application
  [1m[36mSong Load (7.5ms)[0m  [1m[34mSELECT "songs".* FROM "songs"[0m
  Rendered songs/index.html.erb within layouts/application (16.2ms)
  Rendered layouts/_header.html.erb (3.0ms)
  Rendered layouts/_center.html.erb (0.7ms)
  Rendered layouts/_centerend.html.erb (0.7ms)
Completed 200 OK in 110ms (Views: 77.0ms | ActiveRecord: 10.5ms)


Started GET "/albums" for 127.0.0.1 at 2017-10-06 21:55:38 -0300
Processing by AlbumsController#index as HTML
  Rendering albums/index.html.erb within layouts/application
  [1m[36mAlbum Load (6.3ms)[0m  [1m[34mSELECT "albums".* FROM "albums"[0m
  Rendered albums/index.html.erb within layouts/application (17.2ms)
  Rendered layouts/_header.html.erb (3.0ms)
  Rendered layouts/_center.html.erb (0.7ms)
  Rendered layouts/_centerend.html.erb (0.7ms)
Completed 200 OK in 111ms (Views: 79.9ms | ActiveRecord: 10.7ms)


Started GET "/artists" for 127.0.0.1 at 2017-10-06 21:55:39 -0300
Processing by ArtistsController#index as HTML
  Rendering artists/index.html.erb within layouts/application
  [1m[36mArtist Load (2.5ms)[0m  [1m[34mSELECT "artists".* FROM "artists"[0m
  Rendered artists/index.html.erb within layouts/application (11.7ms)
  Rendered layouts/_header.html.erb (3.0ms)
  Rendered layouts/_center.html.erb (0.9ms)
  Rendered layouts/_centerend.html.erb (0.8ms)
Completed 200 OK in 114ms (Views: 80.5ms | ActiveRecord: 5.6ms)


Started GET "/artists/new" for 127.0.0.1 at 2017-10-06 21:55:40 -0300
Processing by ArtistsController#new as HTML
Completed 401 Unauthorized in 1ms (ActiveRecord: 0.0ms)


Started GET "/users/sign_in" for 127.0.0.1 at 2017-10-06 21:55:41 -0300
Processing by Devise::SessionsController#new as HTML
  Rendering devise/sessions/new.html.erb within layouts/application
  Rendered devise/shared/_links.html.erb (2.4ms)
  Rendered devise/sessions/new.html.erb within layouts/application (44.1ms)
  Rendered layouts/_header.html.erb (3.2ms)
  Rendered layouts/_center.html.erb (0.8ms)
  Rendered layouts/_centerend.html.erb (0.9ms)
Completed 200 OK in 247ms (Views: 129.9ms | ActiveRecord: 70.1ms)


